         w __deregister_frame_info
         w _ITM_deregisterTMCloneTable
         w _ITM_registerTMCloneTable
         w _Jv_RegisterClasses
         w __register_frame_info
00000000 b .LANCHOR1
00000000 a shift
00000000 a shift
00000000 b _TLS_MODULE_BASE_
00000000 00002000 b tmp_buffer.6553
00001ff8 b .LANCHOR2
00002000 00000401 b __fixedpath
00002404 00000802 b __utf16path
00002c08 00000802 b __utf16path_old.6624
00100000 T _start
00100000 T __start__
00100008 T __service_ptr
0010000c T __apt_appid
00100010 T __heap_size
00100014 T __linear_heap_size
00100018 T __system_arglist
0010001c T __system_runflags
00100020 t startup
00100058 t ClearMem
0010006c t ClrLoop
00100094 T _init
001000ac t deregister_tm_clones
001000dc t register_tm_clones
00100114 t __do_global_dtors_aux
00100158 t frame_dummy
001001b4 00000040 T nlr_push
001001f4 00000014 T nlr_pop
00100208 0000004c T nlr_jump
00100254 t nlr_top_addr
00100258 T initSystem
0010029c T __ctru_exit
001002bc T __aeabi_uidiv
001002bc 000001ec T __udivsi3
001002bc t .udivsi3_skip_div0_test
001004a8 00000020 T __aeabi_uidivmod
001004c8 T __aeabi_idiv
001004c8 00000220 T __divsi3
001004d0 t .divsi3_skip_div0_test
001006e8 00000020 T __aeabi_idivmod
00100708 00000004 W __aeabi_idiv0
00100708 00000004 W __aeabi_ldiv0
0010070c 0000019c T __aeabi_frsub
00100714 00000194 T __aeabi_fsub
00100714 00000194 T __subsf3
00100718 00000190 T __addsf3
00100718 00000190 T __aeabi_fadd
001008a8 00000028 T __aeabi_ui2f
001008a8 00000028 T __floatunsisf
001008b0 00000020 T __aeabi_i2f
001008b0 00000020 T __floatsisf
001008d0 0000008c T __aeabi_ul2f
001008d0 0000008c T __floatundisf
001008e0 0000007c T __aeabi_l2f
001008e0 0000007c T __floatdisf
0010095c T __aeabi_ldivmod
00100a30 T __aeabi_uldivmod
00100a6c 0000002c T __aeabi_f2lz
00100a6c 0000002c T __fixsfdi
00100a98 00000048 T __aeabi_f2ulz
00100a98 00000048 T __fixunssfdi
00100ae0 00000128 T __udivmoddi4
00100c28 00000390 T strcmp
00100fc0 00000008 t null_write
00100fc8 00000018 T setDefaultDevice
00100fe0 000000bc T FindDevice
0010109c 0000002c T RemoveDevice
001010c8 00000098 T AddDevice
00101160 00000024 T GetDeviceOpTab
00101184 0000007c T _close_r
00101200 0000006c T _fstat_r
0010126c 00000010 T _getpid_r
0010127c 00000008 T _isatty_r
00101284 00000010 T _kill_r
00101294 00000078 T _lseek_r
0010130c 000000c8 T _open_r
001013d4 00000078 T _read_r
0010144c 00000070 T _sbrk_r
001014bc 00000078 T _write_r
00101534 00000020 T _exit
00101554 000001bc T _concatenate_path
00101710 00000154 T chdir
00101864 000000a0 T getcwd
00101904 00000008 T __flockfile
0010190c 00000008 T __funlockfile
00101914 00000018 T __libc_lock_init
0010192c 00000018 T __libc_lock_acquire
00101944 00000024 T __libc_lock_try_acquire
00101968 00000018 T __libc_lock_release
00101980 00000018 T __libc_lock_close
00101998 00000018 T __libc_lock_init_recursive
001019b0 00000018 T __libc_lock_acquire_recursive
001019c8 00000024 T __libc_lock_try_acquire_recursive
001019ec 00000018 T __libc_lock_release_recursive
00101a04 00000018 T __libc_lock_close_recursive
00101a1c 00000044 T __free_handle
00101a60 0000003c T __release_handle
00101a9c 00000078 T __alloc_handle
00101b14 0000001c T __get_handle
00101b30 000000a4 T dup
00101bd4 0000010c T dup2
00101ce0 00000028 T __getreent
00101d08 00000048 t realloc_ext
00101d50 00000054 T m_malloc
00101da4 0000002c T m_malloc_maybe
00101dd0 00000060 T m_malloc0
00101e30 00000058 T m_realloc
00101e88 00000040 T m_realloc_maybe
00101ec8 00000020 T m_free
00101ee8 0000009c T qstr_compute_hash
00101f84 00000028 T qstr_init
00101fac 00000078 t find_qstr
00102024 00000108 t qstr_add
0010212c 0000012c T qstr_find_strn
00102258 00000034 T qstr_from_str
0010228c 00000244 T qstr_from_strn
001024d0 00000088 T qstr_build_start
00102558 000000b4 T qstr_build_end
0010260c 00000028 T qstr_hash
00102634 00000030 T qstr_len
00102664 0000002c T qstr_str
00102690 00000048 T qstr_data
001026d8 000000a4 T vstr_init
0010277c 0000003c T vstr_init_len
001027b8 00000060 T vstr_init_fixed_buf
00102818 00000048 T vstr_init_print
00102860 00000058 T vstr_clear
001028b8 00000030 T vstr_reset
001028e8 00000024 T vstr_had_error
0010290c 0000003c T vstr_str
00102948 0000003c T vstr_len
00102984 000000d8 t vstr_ensure_extra
00102a5c 00000090 T vstr_add_len
00102aec 0000007c T vstr_null_terminated_str
00102b68 0000004c T vstr_add_byte
00102bb4 00000030 T vstr_add_char
00102be4 00000038 T vstr_add_str
00102c1c 000000e8 T vstr_add_strn
00102d04 00000070 T vstr_cut_tail_bytes
00102d74 00000048 T vstr_vprintf
00102dbc 0000002c t MP_OBJ_IS_SMALL_INT
00102de8 0000002c t MP_OBJ_IS_OBJ
00102e14 00000028 t plat_print_strn
00102e3c 00000054 T mp_print_str
00102e90 00000238 T mp_print_strn
001030c8 00000248 t mp_print_int
00103310 000005c4 T mp_print_mp_int
001038d4 000001b4 T mp_print_float
00103a88 00000044 T mp_printf
00103acc 00000858 T mp_vprintf
00104324 0000001c T utf8_next_char
00104340 0000001c T unichar_charlen
0010435c 00000054 T unichar_isspace
001043b0 00000054 T unichar_isalpha
00104404 00000054 T unichar_isdigit
00104458 00000054 T unichar_isxdigit
001044ac 00000054 T unichar_isupper
00104500 00000054 T unichar_islower
00104554 0000003c T unichar_tolower
00104590 0000003c T unichar_toupper
001045cc 00000048 T unichar_xdigit_value
00104614 000000a8 t str_strn_equal
001046bc 0000002c t is_end
001046e8 0000002c t is_physical_newline
00104714 00000038 t is_char
0010474c 00000060 t is_char_or
001047ac 00000088 t is_char_or3
00104834 00000060 t is_char_following_or
00104894 00000060 t is_char_following_following_or
001048f4 00000060 t is_char_and
00104954 0000002c t is_whitespace
00104980 0000002c t is_letter
001049ac 0000002c t is_digit
001049d8 0000002c t is_following_digit
00104a04 0000005c t is_following_base_char
00104a60 00000048 t is_following_odigit
00104aa8 00000060 t is_head_of_identifier
00104b08 00000054 t is_tail_of_identifier
00104b5c 00000188 t next_char
00104ce4 000000a8 t indent_push
00104d8c 00000034 t indent_top
00104dc0 00000028 t indent_pop
00104de8 000000a4 t get_hex
00104e8c 00001138 t mp_lexer_next_token_into
00105fc4 00000268 T mp_lexer_new
0010622c 00000074 T mp_lexer_free
001062a0 00000024 T mp_lexer_to_next
001062c4 0000004c t str_buf_next_byte
00106310 00000040 t str_buf_free
00106350 0000009c T mp_lexer_new_from_str_len
001063ec 0000002c t MP_OBJ_IS_SMALL_INT
00106418 0000002c t MP_OBJ_IS_OBJ
00106444 0000018c t parser_alloc
001065d0 00000118 t push_rule
001066e8 000000b8 t push_rule_from_arg
001067a0 000000ec t pop_rule
0010688c 00000050 T mp_parse_node_new_leaf
001068dc 00000104 T mp_parse_node_get_int_maybe
001069e0 000000bc T mp_parse_node_extract_list
00106a9c 00000094 t pop_result
00106b30 00000094 t peek_result
00106bc4 000000d8 t push_result_node
00106c9c 000000a8 t make_node_string_bytes
00106d44 0000007c t make_node_const_object
00106dc0 00000270 t push_result_token
00107030 00000478 t fold_constants
001074a8 00000160 t push_result_rule
00107608 00000b14 T mp_parse
0010811c 00000050 T mp_parse_tree_clear
0010816c 000001a4 T scope_new
00108310 00000030 T scope_free
00108340 0000011c T scope_find_or_add_id
0010845c 00000088 T scope_find
001084e4 0000004c T scope_find_global
00108530 00000088 T scope_find_local_in_parent
001085b8 00000114 T scope_close_over_in_parents
001086cc 00000054 t compile_error_set_line
00108720 00000058 t compile_syntax_error
00108778 00000028 t comp_next_label
001087a0 0000005c t compile_increase_except_level
001087fc 00000060 t compile_decrease_except_level
0010885c 000000bc t scope_new_and_link
00108918 000000e0 t apply_to_single_or_list
001089f8 0000009c t compile_generic_all_nodes
00108a94 00000064 t compile_load_id
00108af8 00000064 t compile_store_id
00108b5c 00000064 t compile_delete_id
00108bc0 000000d4 t c_tuple
00108c94 0000002c t compile_generic_tuple
00108cc0 00000054 t node_is_const_false
00108d14 0000005c t node_is_const_true
00108d70 0000039c t c_if_cond
0010910c 000002f0 t c_assign_power
001093fc 00000298 t c_assign_tuple
00109694 000003d8 t c_assign
00109a6c 00000220 t close_over_variables_etc
00109c8c 00000318 t compile_funcdef_lambdef_param
00109fa4 00000134 t compile_funcdef_lambdef
0010a0d8 00000080 t compile_funcdef_helper
0010a158 0000010c t compile_classdef_helper
0010a264 000000c0 t compile_built_in_decorator
0010a324 0000030c t compile_decorated
0010a630 00000048 t compile_funcdef
0010a678 00000468 t c_del_stmt
0010aae0 00000038 t compile_del_stmt
0010ab18 000000b4 t compile_break_stmt
0010abcc 000000b4 t compile_continue_stmt
0010ac80 0000015c t compile_return_stmt
0010addc 00000040 t compile_yield_stmt
0010ae1c 000000f4 t compile_raise_stmt
0010af10 00000328 t do_import_name
0010b238 00000068 t compile_dotted_as_name
0010b2a0 00000038 t compile_import_name
0010b2d8 00000464 t compile_import_from
0010b73c 000000b0 t compile_declare_global
0010b7ec 00000098 t compile_global_stmt
0010b884 00000100 t compile_declare_nonlocal
0010b984 000000c4 t compile_nonlocal_stmt
0010ba48 000000b8 t compile_assert_stmt
0010bb00 000002e4 t compile_if_stmt
0010bde4 00000190 t compile_while_stmt
0010bf74 000002c4 t compile_for_stmt_optimised_range
0010c238 000004ac t compile_for_stmt
0010c6e4 00000464 t compile_try_except
0010cb48 00000138 t compile_try_finally
0010cc80 0000019c t compile_try_stmt
0010ce1c 00000194 t compile_with_stmt_helper
0010cfb0 00000080 t compile_with_stmt
0010d030 0000046c t compile_expr_stmt
0010d49c 000000a4 t c_binary_op
0010d540 00000130 t compile_test_if_expr
0010d670 0000007c t compile_lambdef
0010d6ec 000000c4 t compile_or_and_test
0010d7b0 0000002c t compile_or_test
0010d7dc 0000002c t compile_and_test
0010d808 00000044 t compile_not_test_2
0010d84c 0000038c t compile_comparison
0010dbd8 00000034 t compile_star_expr
0010dc0c 0000002c t compile_expr
0010dc38 0000002c t compile_xor_expr
0010dc64 0000002c t compile_and_expr
0010dc90 0000011c t compile_shift_expr
0010ddac 0000011c t compile_arith_expr
0010dec8 0000018c t compile_term
0010e054 000000e0 t compile_factor_2
0010e134 00000068 t compile_power
0010e19c 0000048c t compile_trailer_paren_helper
0010e628 000001b8 t compile_power_trailers
0010e7e0 00000044 t compile_power_dbl_star
0010e824 0000037c t compile_atom_string
0010eba0 00000158 t compile_comprehension
0010ecf8 000001d4 t compile_atom_paren
0010eecc 00000228 t compile_atom_bracket
0010f0f4 00000310 t compile_atom_brace
0010f404 00000034 t compile_trailer_paren
0010f438 00000040 t compile_trailer_bracket
0010f478 0000003c t compile_trailer_period
0010f4b4 00000044 t compile_dictorsetmaker_item
0010f4f8 00000048 t compile_classdef
0010f540 0000014c t compile_yield_expr
0010f68c 00000080 t compile_string
0010f70c 00000080 t compile_bytes
0010f78c 00000038 t compile_const_object
0010f7c4 000001d8 t compile_node
0010f99c 000003c8 t compile_scope_func_lambda_param
0010fd64 00000038 t compile_scope_func_param
0010fd9c 00000038 t compile_scope_lambda_param
0010fdd4 00000258 t compile_scope_comp_iter
0011002c 00000208 t check_for_doc_string
00110234 00000848 t compile_scope
00110a7c 000004b0 t scope_compute_things
00110f2c 000002a0 t mp_compile_to_raw_code
001111cc 00000050 T mp_compile
0011121c 000000b4 T mp_emit_common_get_id_for_load
001112d0 000000bc T mp_emit_common_get_id_for_modification
0011138c 00000134 T mp_emit_common_id_op
001114c0 00000024 T emit_bc_new
001114e4 00000048 T emit_bc_set_max_num_labels
0011152c 00000030 T emit_bc_free
0011155c 000000e4 t emit_write_uint
00111640 000000c0 t emit_get_cur_to_write_code_info
00111700 00000038 t emit_write_code_info_byte
00111738 00000030 t emit_write_code_info_uint
00111768 00000030 t emit_write_code_info_qstr
00111798 00000188 t emit_write_code_info_bytes_lines
00111920 000000cc t emit_get_cur_to_write_bytecode
001119ec 0000003c t emit_write_bytecode_byte
00111a28 00000084 t emit_write_bytecode_byte_byte
00111aac 00000174 t emit_write_bytecode_byte_int
00111c20 00000048 t emit_write_bytecode_byte_uint
00111c68 00000038 t emit_write_bytecode_byte_qstr
00111ca0 000000a4 t emit_write_bytecode_byte_obj
00111d44 000000a4 t emit_write_bytecode_byte_raw_code
00111de8 000000b4 t emit_write_bytecode_byte_unsigned_label
00111e9c 000000b8 t emit_write_bytecode_byte_signed_label
00111f54 00000374 T mp_emit_bc_start_pass
001122c8 0000016c T mp_emit_bc_end_pass
00112434 0000002c T mp_emit_bc_last_emit_was_return_value
00112460 00000030 T mp_emit_bc_adjust_stack_size
00112490 000000a0 T mp_emit_bc_set_source_line
00112530 000000c4 t emit_bc_pre
001125f4 00000124 T mp_emit_bc_label_assign
00112718 00000038 T mp_emit_bc_import_name
00112750 00000038 T mp_emit_bc_import_from
00112788 00000030 T mp_emit_bc_import_star
001127b8 000000bc T mp_emit_bc_load_const_tok
00112874 00000070 T mp_emit_bc_load_const_small_int
001128e4 00000038 T mp_emit_bc_load_const_str
0011291c 00000038 T mp_emit_bc_load_const_obj
00112954 00000030 T mp_emit_bc_load_null
00112984 00000068 T mp_emit_bc_load_fast
001129ec 0000003c T mp_emit_bc_load_deref
00112a28 00000038 T mp_emit_bc_load_name
00112a60 00000038 T mp_emit_bc_load_global
00112a98 00000038 T mp_emit_bc_load_attr
00112ad0 00000038 T mp_emit_bc_load_method
00112b08 00000030 T mp_emit_bc_load_build_class
00112b38 00000030 T mp_emit_bc_load_subscr
00112b68 00000068 T mp_emit_bc_store_fast
00112bd0 0000003c T mp_emit_bc_store_deref
00112c0c 00000038 T mp_emit_bc_store_name
00112c44 00000038 T mp_emit_bc_store_global
00112c7c 00000038 T mp_emit_bc_store_attr
00112cb4 00000030 T mp_emit_bc_store_subscr
00112ce4 00000030 T mp_emit_bc_delete_fast
00112d14 00000030 T mp_emit_bc_delete_deref
00112d44 00000038 T mp_emit_bc_delete_name
00112d7c 00000038 T mp_emit_bc_delete_global
00112db4 00000038 T mp_emit_bc_delete_attr
00112dec 00000030 T mp_emit_bc_delete_subscr
00112e1c 00000030 T mp_emit_bc_dup_top
00112e4c 00000030 T mp_emit_bc_dup_top_two
00112e7c 00000030 T mp_emit_bc_pop_top
00112eac 00000030 T mp_emit_bc_rot_two
00112edc 00000030 T mp_emit_bc_rot_three
00112f0c 00000038 T mp_emit_bc_jump
00112f44 00000060 T mp_emit_bc_pop_jump_if
00112fa4 00000060 T mp_emit_bc_jump_if_or_pop
00113004 000000c0 T mp_emit_bc_unwind_jump
001130c4 00000038 T mp_emit_bc_setup_with
001130fc 00000030 T mp_emit_bc_with_cleanup
0011312c 00000038 T mp_emit_bc_setup_except
00113164 00000038 T mp_emit_bc_setup_finally
0011319c 00000030 T mp_emit_bc_end_finally
001131cc 00000030 T mp_emit_bc_get_iter
001131fc 00000038 T mp_emit_bc_for_iter
00113234 00000024 T mp_emit_bc_for_iter_end
00113258 00000030 T mp_emit_bc_pop_block
00113288 00000030 T mp_emit_bc_pop_except
001132b8 00000044 T mp_emit_bc_unary_op
001132fc 000000ac T mp_emit_bc_binary_op
001133a8 00000040 T mp_emit_bc_build_tuple
001133e8 00000040 T mp_emit_bc_build_list
00113428 00000038 T mp_emit_bc_list_append
00113460 00000038 T mp_emit_bc_build_map
00113498 00000030 T mp_emit_bc_store_map
001134c8 00000038 T mp_emit_bc_map_add
00113500 00000040 T mp_emit_bc_unpack_sequence
00113540 00000058 T mp_emit_bc_unpack_ex
00113598 00000088 T mp_emit_bc_make_function
00113620 000000f0 T mp_emit_bc_make_closure
00113710 000000d0 t emit_bc_call_function_method_helper
001137e0 00000048 T mp_emit_bc_call_function
00113828 00000048 T mp_emit_bc_call_method
00113870 0000003c T mp_emit_bc_return_value
001138ac 00000078 T mp_emit_bc_raise_varargs
00113924 00000050 T mp_emit_bc_yield_value
00113974 00000050 T mp_emit_bc_yield_from
001139c4 00000024 T mp_emit_bc_start_except_handler
001139e8 00000024 T mp_emit_bc_end_except_handler
00113a0c 00000024 t fp_signbit
00113a30 00000040 t fp_isspecial
00113a70 00000038 t fp_isinf
00113aa8 00000030 t fp_iszero
00113ad8 00000038 t fp_isless1
00113b10 00000b40 T mp_format_float
00114650 00000210 T mp_parse_num_base
00114860 00000050 t raise_exc
001148b0 000003a8 T mp_parse_num_integer
00114c58 0000064c T mp_parse_num_decimal
001152a8 0000002c t MP_OBJ_IS_OBJ
001152d4 00000038 T mp_emit_glue_new_raw_code
0011530c 0000007c T mp_emit_glue_assign_bytecode
00115388 00000184 T mp_make_function_from_raw_code
0011550c 0000009c T mp_make_closure_from_raw_code
001155a8 0000002c t MP_OBJ_IS_SMALL_INT
001155d4 0000002c t MP_OBJ_IS_QSTR
00115600 0000002c t MP_OBJ_IS_OBJ
0011562c 0000006c t MP_MAP_SLOT_IS_FILLED
00115698 00000034 t mp_obj_new_bool
001156cc 00000014 t mp_locals_get
001156e0 00000024 t mp_locals_set
00115704 00000014 t mp_globals_get
00115718 00000024 t mp_globals_set
0011573c 0000006c T mp_init
001157a8 00000010 T mp_deinit
001157b8 00000080 T mp_load_name
00115838 000000ac T mp_load_global
001158e4 00000010 T mp_load_build_class
001158f4 00000040 T mp_store_name
00115934 0000003c T mp_delete_name
00115970 00000040 T mp_store_global
001159b0 0000003c T mp_delete_global
001159ec 00000254 T mp_unary_op
00115c40 00000994 T mp_binary_op
001165d4 00000030 T mp_call_function_0
00116604 00000034 T mp_call_function_1
00116638 00000094 T mp_call_function_n_kw
001166cc 00000080 T mp_call_method_n_kw
0011674c 000006e4 t mp_call_prepare_args_n_kw_var
00116e30 00000060 T mp_call_method_n_kw_var
00116e90 00000230 T mp_unpack_sequence
001170c0 000003dc T mp_unpack_ex
0011749c 0000005c T mp_load_attr
001174f8 00000198 T mp_convert_member_lookup
00117690 00000158 T mp_load_method_maybe
001177e8 000000c4 T mp_load_method
001178ac 000000a0 T mp_store_attr
0011794c 000000f0 T mp_getiter
00117a3c 000000b8 T mp_iternext_allow_raise
00117af4 00000110 T mp_iternext
00117c04 000002c8 T mp_resume
00117ecc 0000007c T mp_make_raise_obj
00117f48 00000068 T mp_import_name
00117fb0 000001cc T mp_import_from
0011817c 000000d0 T mp_import_all
0011824c 000000f4 T mp_parse_compile_execute
00118340 00000030 T m_malloc_fail
00118370 00000028 T mp_not_implemented
00118398 00000118 T mp_arg_check_num
001184b0 0000035c T mp_arg_parse_all
0011880c 00000068 T mp_arg_parse_all_kw_array
00118874 0000002c t MP_OBJ_IS_QSTR
001188a0 0000002c t MP_OBJ_IS_OBJ
001188cc 0000006c t get_doubling_prime_greater_or_equal_to
00118938 000000b0 T mp_map_init
001189e8 00000088 T mp_map_init_fixed_table
00118a70 00000088 T mp_map_clear
00118af8 00000138 t mp_map_rehash
00118c30 00000684 T mp_map_lookup
001192b4 0000002c t MP_OBJ_IS_SMALL_INT
001192e0 0000002c t MP_OBJ_IS_QSTR
0011930c 0000002c t MP_OBJ_IS_OBJ
00119338 0000009c T mp_obj_get_type
001193d4 00000034 T mp_obj_get_type_str
00119408 00000094 T mp_obj_print_helper
0011949c 00000180 T mp_obj_print_exception
0011961c 00000130 T mp_obj_is_true
0011974c 00000064 T mp_obj_is_callable
001197b0 000001ec T mp_obj_equal
0011999c 000000dc T mp_obj_get_int
00119a78 00000074 T mp_obj_get_int_truncated
00119aec 000000dc T mp_obj_get_int_maybe
00119bc8 00000128 T mp_obj_get_float
00119cf0 000001cc T mp_obj_get_complex
00119ebc 000000d0 T mp_obj_get_array
00119f8c 0000006c T mp_obj_get_array_fixed_n
00119ff8 00000158 T mp_get_index
0011a150 00000078 T mp_obj_id
0011a1c8 00000064 T mp_obj_len
0011a22c 00000108 T mp_obj_len_maybe
0011a334 0000010c T mp_obj_subscr
0011a440 00000018 T mp_identity
0011a458 00000078 T mp_get_buffer
0011a4d0 00000064 T mp_get_buffer_raise
0011a534 00000038 T mp_generic_unary_op
0011a56c 0000002c t MP_OBJ_IS_SMALL_INT
0011a598 0000002c t MP_OBJ_IS_OBJ
0011a5c4 00000034 t mp_obj_new_bool
0011a5f8 00000140 t array_print
0011a738 000000ec t array_new
0011a824 000001c4 t array_construct
0011a9e8 000000a8 t array_make_new
0011aa90 00000114 t bytearray_make_new
0011aba4 0000007c t array_unary_op
0011ac20 00000338 t array_binary_op
0011af58 00000204 t array_append
0011b15c 000001e4 t array_extend
0011b340 000000b0 t array_subscr
0011b3f0 00000084 t array_get_buffer
0011b474 00000090 t array_it_iternext
0011b504 0000004c t array_iterator_new
0011b550 000000d0 T mp_obj_attrtuple_print_helper
0011b620 00000054 t mp_obj_attrtuple_print
0011b674 000000b4 t mp_obj_attrtuple_attr
0011b728 00000060 t bool_print
0011b788 00000084 t bool_make_new
0011b80c 000000a0 t bool_unary_op
0011b8ac 0000004c t bool_binary_op
0011b8f8 00000090 t bound_meth_print
0011b988 00000124 t bound_meth_call
0011baac 00000054 T mp_obj_new_bound_meth
0011bb00 00000024 T mp_obj_cell_get
0011bb24 0000002c T mp_obj_cell_set
0011bb50 00000094 t cell_print
0011bbe4 00000044 T mp_obj_new_cell
0011bc28 00000174 t closure_call
0011bd9c 00000118 t closure_print
0011beb4 00000080 T mp_obj_new_closure
0011bf34 0000002c t MP_OBJ_IS_QSTR
0011bf60 0000002c t MP_OBJ_IS_OBJ
0011bf8c 00000034 t mp_obj_new_bool
0011bfc0 0000014c t complex_print
0011c10c 00000298 t complex_make_new
0011c3a4 000000bc t complex_unary_op
0011c460 00000050 t complex_binary_op
0011c4b0 00000090 t complex_attr
0011c540 00000054 T mp_obj_new_complex
0011c594 0000009c T mp_obj_complex_get
0011c630 000003b8 T mp_obj_complex_binary_op
0011c9e8 0000002c t MP_OBJ_IS_OBJ
0011ca14 0000006c t MP_MAP_SLOT_IS_FILLED
0011ca80 00000034 t mp_obj_new_bool
0011cab4 000000a4 t dict_iter_next
0011cb58 000000fc t dict_print
0011cc54 000000ac t dict_make_new
0011cd00 00000084 t dict_unary_op
0011cd84 0000018c t dict_binary_op
0011cf10 00000074 T mp_obj_dict_get
0011cf84 000000c0 t dict_subscr
0011d044 0000005c t dict_it_iternext
0011d0a0 00000060 t dict_getiter
0011d100 00000090 t dict_clear
0011d190 00000160 t dict_copy
0011d2f0 00000120 t dict_fromkeys
0011d410 000000ec t dict_get_helper
0011d4fc 00000100 t dict_get
0011d5fc 00000100 t dict_pop
0011d6fc 000000fc t dict_setdefault
0011d7f8 00000138 t dict_popitem
0011d930 00000300 t dict_update
0011dc30 00000108 t dict_view_it_iternext
0011dd38 000000c4 t dict_view_getiter
0011ddfc 0000013c t dict_view_print
0011df38 00000070 t dict_view_binary_op
0011dfa8 00000058 t mp_obj_new_dict_view
0011e000 0000008c t dict_view
0011e08c 00000028 t dict_items
0011e0b4 00000028 t dict_keys
0011e0dc 00000028 t dict_values
0011e104 00000040 T mp_obj_dict_init
0011e144 00000034 T mp_obj_new_dict
0011e178 00000028 T mp_obj_dict_len
0011e1a0 000000ac T mp_obj_dict_store
0011e24c 0000009c T mp_obj_dict_delete
0011e2e8 00000084 T mp_obj_dict_get_map
0011e36c 0000002c t MP_OBJ_IS_OBJ
0011e398 00000154 t mp_obj_exception_print
0011e4ec 000000b0 T mp_obj_exception_make_new
0011e59c 00000048 T mp_obj_exception_get_value
0011e5e4 00000094 t exception_attr
0011e678 0000005c t exc___init__
0011e6d4 0000002c T mp_obj_new_exception
0011e700 00000034 T mp_obj_new_exception_arg1
0011e734 00000078 T mp_obj_new_exception_args
0011e7ac 0000002c T mp_obj_new_exception_msg
0011e7d8 000001a0 T mp_obj_new_exception_msg_varg
0011e978 00000080 T mp_obj_is_exception_type
0011e9f8 00000030 T mp_obj_is_exception_instance
0011ea28 0000004c T mp_obj_exception_match
0011ea74 000001c4 T mp_obj_exception_add_traceback
0011ec38 000000e0 T mp_obj_exception_get_traceback
0011ed18 0000002c t MP_OBJ_IS_OBJ
0011ed44 0000008c t filter_make_new
0011edd0 000000fc t filter_iternext
0011eecc 0000002c t MP_OBJ_IS_QSTR
0011eef8 0000002c t MP_OBJ_IS_OBJ
0011ef24 00000034 t mp_obj_new_bool
0011ef58 000000cc t float_print
0011f024 00000158 t float_make_new
0011f17c 00000090 t float_unary_op
0011f20c 0000008c t float_binary_op
0011f298 00000044 T mp_obj_new_float
0011f2dc 00000080 T mp_obj_float_get
0011f35c 00000184 t mp_obj_float_divmod
0011f4e0 00000394 T mp_obj_float_binary_op
0011f874 0000002c t MP_OBJ_IS_OBJ
0011f8a0 00000014 t mp_globals_get
0011f8b4 00000024 t mp_globals_set
0011f8d8 0000022c t fun_builtin_call
0011fb04 00000034 T mp_obj_code_get_name
0011fb38 00000084 T mp_obj_fun_get_name
0011fbbc 00000218 t fun_bc_call
0011fdd4 00000170 T mp_obj_new_fun_bc
0011ff44 0000002c t MP_OBJ_IS_OBJ
0011ff70 00000014 t mp_globals_get
0011ff84 00000024 t mp_globals_set
0011ffa8 00000138 t gen_wrap_call
001200e0 00000044 T mp_obj_new_gen_wrap
00120124 00000054 t gen_instance_print
00120178 000001ec T mp_obj_gen_resume
00120364 0000014c t gen_resume_and_raise
001204b0 00000030 t gen_instance_iternext
001204e0 00000058 t gen_instance_send
00120538 00000094 t gen_instance_throw
001205cc 000000dc t gen_instance_close
001206a8 000000cc t it_iternext
00120774 00000064 T mp_obj_new_getitem_iter
001207d8 0000002c t MP_OBJ_IS_SMALL_INT
00120804 0000002c t MP_OBJ_IS_QSTR
00120830 0000002c t MP_OBJ_IS_OBJ
0012085c 0000021c t mp_obj_int_make_new
00120a78 00000088 T mp_classify_fp_as_int
00120b00 00000094 T mp_obj_int_print
00120b94 000000dc t int_as_str_size_formatted
00120c70 0000037c T mp_obj_int_formatted
00120fec 00000164 T mp_obj_int_binary_op_extra_cases
00121150 00000098 t int_from_bytes
001211e8 000000e0 t int_to_bytes
001212c8 0000002c t MP_OBJ_IS_SMALL_INT
001212f4 0000002c t MP_OBJ_IS_OBJ
00121320 00000034 t mp_obj_new_bool
00121354 00000130 T mp_obj_int_to_bytes_impl
00121484 0000008c T mp_obj_int_sign
00121510 000000f8 T mp_obj_int_abs
00121608 000000e4 T mp_obj_int_unary_op
001216ec 00000518 T mp_obj_int_binary_op
00121c04 0000005c T mp_obj_new_int
00121c60 00000054 T mp_obj_new_int_from_uint
00121cb4 00000044 T mp_obj_new_int_from_ll
00121cf8 00000074 T mp_obj_new_int_from_ull
00121d6c 000000fc T mp_obj_new_int_from_float
00121e68 0000007c T mp_obj_new_int_from_str_len
00121ee4 0000004c T mp_obj_int_get_truncated
00121f30 00000024 T mp_obj_int_get_checked
00121f54 00000060 T mp_obj_int_as_float
00121fb4 0000002c t MP_OBJ_IS_OBJ
00121fe0 00000034 t mp_obj_new_bool
00122014 000000c4 t list_print
001220d8 00000054 t list_extend_from_iter
0012212c 00000088 t list_make_new
001221b4 000000f0 t list_cmp_helper
001222a4 0000007c t list_unary_op
00122320 00000234 t list_binary_op
00122554 000000bc t list_subscr
00122610 00000028 t list_getiter
00122638 00000148 T mp_obj_list_append
00122780 000001e0 t list_extend
00122960 00000234 t list_pop
00122b94 00000234 t mp_quicksort
00122dc8 0000013c T mp_obj_list_sort
00122f04 000000d4 t list_clear
00122fd8 00000098 t list_copy
00123070 00000098 t list_count
00123108 000000e0 t list_index
001231e8 00000174 t list_insert
0012335c 000000b4 T mp_obj_list_remove
00123410 00000144 t list_reverse
00123554 000000a4 T mp_obj_list_init
001235f8 00000034 t list_new
0012362c 0000008c T mp_obj_new_list
001236b8 00000044 T mp_obj_list_get
001236fc 0000002c T mp_obj_list_set_len
00123728 00000064 T mp_obj_list_store
0012378c 00000080 t list_it_iternext
0012380c 00000064 t mp_obj_new_list_iterator
00123870 0000002c t MP_OBJ_IS_OBJ
0012389c 000000f4 t map_make_new
00123990 00000130 t map_iternext
00123ac0 0000002c t MP_OBJ_IS_OBJ
00123aec 000000a4 t module_print
00123b90 0000010c t module_attr
00123c9c 000000cc T mp_obj_new_module
00123d68 0000007c T mp_obj_module_get_globals
00123de4 0000001c T mp_module_init
00123e00 00000008 T mp_module_deinit
00123e08 00000090 T mp_module_get
00123e98 0000005c t object_make_new
00123ef4 00000034 t polymorph_it_iternext
00123f28 00000034 t none_print
00123f5c 00000050 t none_unary_op
00123fac 0000002c t MP_OBJ_IS_OBJ
00123fd8 0000006c t namedtuple_find_field
00124044 00000070 t namedtuple_print
001240b4 0000009c t namedtuple_attr
00124150 00000264 t namedtuple_make_new
001243b4 00000150 t mp_obj_new_namedtuple_type
00124504 000000a8 t new_namedtuple_type
001245ac 00000034 t mp_obj_new_bool
001245e0 000000a8 t range_it_iternext
00124688 00000064 t mp_obj_new_range_iterator
001246ec 0000008c t range_print
00124778 00000108 t range_make_new
00124880 0000009c t range_len
0012491c 00000080 t range_unary_op
0012499c 00000090 t range_subscr
00124a2c 00000044 t range_getiter
00124a70 000000bc t range_attr
00124b2c 00000048 t singleton_print
00124b74 0000002c t MP_OBJ_IS_SMALL_INT
00124ba0 0000002c t MP_OBJ_IS_QSTR
00124bcc 0000002c t MP_OBJ_IS_OBJ
00124bf8 00000034 t mp_obj_new_bool
00124c2c 00000284 T mp_str_print_quoted
00124eb0 00000130 t str_print
00124fe0 000001ec T mp_obj_str_make_new
001251cc 00000324 t bytes_make_new
001254f0 000000d8 T find_subbytes
001255c8 0000044c T mp_obj_str_binary_op
00125a14 00000048 T str_index_to_ptr
00125a5c 000000f4 t bytes_subscr
00125b50 000003f0 t str_join
00125f40 00000474 t str_split_internal
001263b4 00000030 T mp_obj_str_split
001263e4 0000033c t str_rsplit
00126720 0000033c t str_finder
00126a5c 00000034 t str_find
00126a90 00000034 t str_rfind
00126ac4 00000034 t str_index
00126af8 00000034 t str_rindex
00126b2c 000001a4 t str_startswith
00126cd0 00000164 t str_endswith
00126e34 00000420 t str_uni_strip
00127254 00000030 t str_strip
00127284 00000030 t str_lstrip
001272b4 00000030 t str_rstrip
001272e4 000000cc t str_to_int
001273b0 0000005c t isalignment
0012740c 0000005c t istype
00127468 00000098 t arg_looks_integer
00127500 0000006c t arg_looks_numeric
0012756c 00000064 t arg_as_int
001275d0 00001034 t mp_obj_str_format_helper
00128604 00000164 T mp_obj_str_format
00128768 00000a2c t str_modulo_format
00129194 00000528 t str_replace
001296bc 00000370 t str_count
00129a2c 000002a4 t str_partitioner
00129cd0 00000030 t str_partition
00129d00 00000030 t str_rpartition
00129d30 00000104 t str_caseconv
00129e34 0000002c t str_lower
00129e60 0000002c t str_upper
00129e8c 000001c8 t str_uni_istype
0012a054 0000002c t str_isspace
0012a080 0000002c t str_isalpha
0012a0ac 0000002c t str_isdigit
0012a0d8 0000002c t str_isupper
0012a104 0000002c t str_islower
0012a130 000000cc T mp_obj_str_get_buffer
0012a1fc 000000b0 T mp_obj_new_str_of_type
0012a2ac 00000164 T mp_obj_new_str_from_vstr
0012a410 00000090 T mp_obj_new_str
0012a4a0 00000034 T mp_obj_new_bytes
0012a4d4 000001d8 T mp_obj_str_equal
0012a6ac 0000003c t bad_implicit_conversion
0012a6e8 00000098 T mp_obj_str_get_qstr
0012a780 000000b8 T mp_obj_str_get_str
0012a838 000000c8 T mp_obj_str_get_data
0012a900 000000d8 t str_it_iternext
0012a9d8 00000060 t mp_obj_new_str_iterator
0012aa38 000000d4 t bytes_it_iternext
0012ab0c 00000060 t mp_obj_new_bytes_iterator
0012ab6c 0000002c t MP_OBJ_IS_OBJ
0012ab98 00000034 t mp_obj_new_bool
0012abcc 000000dc T mp_obj_tuple_print
0012aca8 00000160 t mp_obj_tuple_make_new
0012ae08 000000f0 t tuple_cmp_helper
0012aef8 000000fc T mp_obj_tuple_unary_op
0012aff4 00000228 T mp_obj_tuple_binary_op
0012b21c 0000006c T mp_obj_tuple_subscr
0012b288 00000028 T mp_obj_tuple_getiter
0012b2b0 00000098 t tuple_count
0012b348 000000a8 t tuple_index
0012b3f0 000000c4 T mp_obj_new_tuple
0012b4b4 0000009c T mp_obj_tuple_get
0012b550 00000080 T mp_obj_tuple_del
0012b5d0 00000074 t tuple_it_iternext
0012b644 00000064 t mp_obj_new_tuple_iterator
0012b6a8 0000002c t MP_OBJ_IS_OBJ
0012b6d4 00000074 t mp_obj_new_instance
0012b748 0000016c t instance_count_native_bases
0012b8b4 00000480 t mp_obj_class_lookup
0012bd34 000001d0 t instance_print
0012bf04 00000384 T mp_obj_instance_make_new
0012c288 00000148 t instance_unary_op
0012c3d0 000000f0 t instance_binary_op
0012c4c0 00000164 t mp_obj_instance_load_attr
0012c624 000000a0 t mp_obj_instance_store_attr
0012c6c4 00000078 T mp_obj_instance_attr
0012c73c 00000190 t instance_subscr
0012c8cc 00000074 t mp_obj_instance_get_call
0012c940 00000034 T mp_obj_instance_is_callable
0012c974 000000c8 T mp_obj_instance_call
0012ca3c 000000dc t instance_getiter
0012cb18 000000c0 t instance_get_buffer
0012cbd8 00000048 t type_print
0012cc20 000000c8 t type_make_new
0012cce8 0000008c t type_call
0012cd74 000001bc t type_attr
0012cf30 00000364 T mp_obj_new_type
0012d294 0000008c t super_print
0012d320 00000064 t super_make_new
0012d384 00000244 t super_attr
0012d5c8 00000054 T mp_obj_new_super
0012d61c 00000144 T mp_obj_is_subclass_fast
0012d760 00000154 t mp_obj_is_subclass
0012d8b4 00000080 t mp_builtin_issubclass
0012d934 00000038 t mp_builtin_isinstance
0012d96c 00000060 T mp_instance_cast_to_native_base
0012d9cc 000000b8 t static_class_method_make_new
0012da84 0000002c t MP_OBJ_IS_OBJ
0012dab0 000000d0 t zip_make_new
0012db80 00000120 t zip_iternext
0012dca0 00000044 t op_getitem
0012dce4 00000048 t op_setitem
0012dd2c 00000044 t op_delitem
0012dd70 00000044 t op_contains
0012ddb4 0000007c T mp_seq_multiply
0012de30 00000168 T mp_seq_cmp_bytes
0012df98 000001d8 T mp_seq_cmp_objs
0012e170 00000130 T mp_seq_index_obj
0012e2a0 00000094 T mp_seq_count_obj
0012e334 0000002c t MP_OBJ_IS_OBJ
0012e360 00000420 T mp_binary_get_size
0012e780 000003e8 T mp_binary_get_val_array
0012eb68 0000011c T mp_binary_get_int
0012ec84 0000020c T mp_binary_get_val
0012ee90 000000a0 T mp_binary_set_int
0012ef30 00000240 T mp_binary_set_val
0012f170 0000012c T mp_binary_set_val_array
0012f29c 0000038c T mp_binary_set_val_array_from_int
0012f628 00000014 t mp_globals_get
0012f63c 00000040 T mp_obj_is_package
0012f67c 0000008c t stat_dir_or_file
0012f708 00000120 t find_file
0012f828 00000098 t do_load_from_lexer
0012f8c0 00000044 t do_load
0012f904 0000006c t chop_component
0012f970 00000704 T mp_builtin___import__
00130074 00000014 t mp_locals_get
00130088 00000014 t mp_globals_get
0013009c 000000bc t eval_exec_helper
00130158 00000030 t mp_builtin_eval
00130188 00000030 t mp_builtin_exec
001301b8 0000002c t MP_OBJ_IS_SMALL_INT
001301e4 0000002c t MP_OBJ_IS_OBJ
00130210 0000006c t MP_MAP_SLOT_IS_FILLED
0013027c 00000034 t mp_obj_new_bool
001302b0 00000014 t mp_locals_get
001302c4 00000024 t mp_locals_set
001302e8 00000014 t mp_globals_get
001302fc 00000128 t mp_builtin___build_class__
00130424 00000104 t mp_builtin_abs
00130528 00000070 t mp_builtin_all
00130598 00000068 t mp_builtin_any
00130600 00000044 t mp_builtin_bin
00130644 00000040 t mp_builtin_callable
00130684 00000084 t mp_builtin_chr
00130708 0000026c t mp_builtin_dir
00130974 00000030 t mp_builtin_divmod
001309a4 00000028 t mp_builtin_hash
001309cc 00000030 t mp_builtin_hex
001309fc 00000024 t mp_builtin_iter
00130a20 0000024c t mp_builtin_min_max
00130c6c 00000038 t mp_builtin_max
00130ca4 00000038 t mp_builtin_min
00130cdc 0000004c t mp_builtin_next
00130d28 00000030 t mp_builtin_oct
00130d58 00000078 t mp_builtin_ord
00130dd0 000000cc t mp_builtin_pow
00130e9c 0000019c t mp_builtin_print
00131038 00000054 t mp_builtin___repl_print__
0013108c 00000058 t mp_builtin_repr
001310e4 000001b8 t mp_builtin_round
0013129c 000000c8 t mp_builtin_sum
00131364 000000bc t mp_builtin_sorted
00131420 00000090 t mp_load_attr_default
001314b0 00000070 t mp_builtin_getattr
00131520 00000044 t mp_builtin_setattr
00131564 0000005c t mp_builtin_hasattr
001315c0 00000014 t mp_builtin_globals
001315d4 00000014 t mp_builtin_locals
001315e8 00000034 t mp_obj_new_bool
0013161c 00000024 t math_error
00131640 00000050 t mp_math_sqrt
00131690 00000058 t mp_math_pow
001316e8 0000003c t mp_math_exp
00131724 0000003c t mp_math_cos
00131760 0000003c t mp_math_sin
0013179c 0000003c t mp_math_tan
001317d8 0000003c t mp_math_acos
00131814 0000003c t mp_math_asin
00131850 0000003c t mp_math_atan
0013188c 00000058 t mp_math_atan2
001318e4 00000048 t mp_math_ceil
0013192c 00000058 t mp_math_copysign
00131984 00000034 t mp_math_fabs
001319b8 00000048 t mp_math_floor
00131a00 00000058 t mp_math_fmod
00131a58 00000060 t mp_math_isfinite
00131ab8 0000004c t mp_math_isinf
00131b04 0000004c t mp_math_isnan
00131b50 00000048 t mp_math_trunc
00131b98 0000005c t mp_math_ldexp
00131bf4 000000b8 t mp_math_log
00131cac 00000078 t mp_math_frexp
00131d24 00000078 t mp_math_modf
00131da0 00000058 t mp_math_radians
00131df8 00000058 t mp_math_degrees
00131e50 000000e8 t get_fmt_type
00131f38 00000098 t get_fmt_num
00131fd0 000000a4 t calcsize_items
00132074 00000178 t struct_calcsize
001321ec 00000268 t struct_unpack_from
00132454 000001e0 t struct_pack_into_internal
00132634 000000bc t struct_pack
001326f0 000000f8 t struct_pack_into
001327e8 00000050 t mp_sys_exit
00132838 0000003c t mp_sys_print_exception
00132874 000015d8 T mp_execute_bytecode
00133e4c 00000074 T mp_decode_uint
00133ec0 0000004c t fun_pos_args_mismatch
00133f0c 00000870 T mp_setup_code_state
0013477c 000000f0 T mp_small_int_mul_overflow
0013486c 00000078 T mp_small_int_modulo
001348e4 0000007c T mp_small_int_floor_divide
00134960 0000002c t MP_OBJ_IS_SMALL_INT
0013498c 0000002c t MP_OBJ_IS_OBJ
001349b8 00000098 t mp_obj_is_integer
00134a50 00000034 t mp_obj_new_bool
00134a84 00000074 t _mod_citrus_apt_get_app_status
00134af8 00000020 t mod_citrus_apt_init
00134b18 00000018 t mod_citrus_apt_exit
00134b30 00000018 t mod_citrus_apt_open_session
00134b48 00000018 t mod_citrus_apt_close_session
00134b60 0000003c t mod_citrus_apt_set_status
00134b9c 00000020 t mod_citrus_apt_get_status
00134bbc 00000020 t mod_citrus_apt_get_status_power
00134bdc 00000038 t mod_citrus_apt_set_status_power
00134c14 00000018 t mod_citrus_apt_return_to_menu
00134c2c 00000018 t mod_citrus_apt_wait_status_event
00134c44 00000018 t mod_citrus_apt_signal_ready_for_sleep
00134c5c 00000020 t mod_citrus_apt_get_menu_app_id
00134c7c 00000020 t mod_citrus_apt_main_loop
00134c9c 0000002c t mod_citrus_apt_hook
00134cc8 00000024 t mod_citrus_apt_unhook
00134cec 00000028 T _mod_citrus_console_PrintConsole_new_default
00134d14 00000054 T _mod_citrus_console_PrintConsole_new_from_c
00134d68 00000168 t mod_citrus_console_PrintConsole_make_new
00134ed0 0000044c t mod_citrus_console_PrintConsole_attr
0013531c 0000009c t mod_citrus_console_PrintConsole_print
001353b8 00000038 t mod_citrus_console_PrintConsole_select
001353f0 000000b0 t mod_citrus_console_PrintConsole_set_window
001354a0 0000002c t MP_OBJ_IS_SMALL_INT
001354cc 0000002c t MP_OBJ_IS_OBJ
001354f8 00000098 t mp_obj_is_integer
00135590 00000070 T _mod_citrus_gsp_get_framebuffer_format
00135600 00000018 t mod_citrus_gsp_init
00135618 00000018 t mod_citrus_gsp_exit
00135630 0000002c t mod_citrus_gsp_set_event_callback
0013565c 0000002c t mod_citrus_gsp_init_event_handler
00135688 00000018 t mod_citrus_gsp_exit_event_handler
001356a0 00000028 t mod_citrus_gsp_wait_for_event
001356c8 00000018 t mod_citrus_gsp_wait_for_any_event
001356e0 00000020 t mod_citrus_gsp_wait_for_psc0
00135700 00000020 t mod_citrus_gsp_wait_for_psc1
00135720 00000020 t mod_citrus_gsp_wait_for_vblank
00135740 00000020 t mod_citrus_gsp_wait_for_vblank0
00135760 00000020 t mod_citrus_gsp_wait_for_vblank1
00135780 00000020 t mod_citrus_gsp_wait_for_ppf
001357a0 00000020 t mod_citrus_gsp_wait_for_p3d
001357c0 00000020 t mod_citrus_gsp_wait_for_dma
001357e0 00000028 t mod_citrus_gsp_submit_gx_command
00135808 00000044 t mod_citrus_gsp_gpu_acquire_right
0013584c 00000020 t mod_citrus_gsp_gpu_release_right
0013586c 00000024 t mod_citrus_gsp_gpu_import_display_capture_info
00135890 00000020 t mod_citrus_gsp_gpu_save_vram_sys_area
001358b0 00000020 t mod_citrus_gsp_gpu_restore_vram_sys_area
001358d0 00000044 t mod_citrus_gsp_gpu_set_lcd_force_black
00135914 00000028 t mod_citrus_gsp_gpu_set_buffer_swap
0013593c 00000028 t mod_citrus_gsp_gpu_flush_data_cache
00135964 00000028 t mod_citrus_gsp_gpu_invalidate_data_cache
0013598c 0000002c t mod_citrus_gsp_gpu_write_hw_regs
001359b8 0000002c t mod_citrus_gsp_gpu_write_hw_regs_with_mask
001359e4 0000002c t mod_citrus_gsp_gpu_read_hw_regs
00135a10 0000002c t mod_citrus_gsp_gpu_register_interrupt_relay_queue
00135a3c 00000020 t mod_citrus_gsp_gpu_unregister_interrupt_relay_queue
00135a5c 00000020 t mod_citrus_gsp_gpu_trigger_cmd_req_queue
00135a7c 00000014 t mod_citrus_console_get_default
00135a90 00000048 t mod_citrus_console_init
00135ad8 00000038 t mod_citrus_console_debug_init
00135b10 00000018 t mod_citrus_console_clear
00135b28 0000002c t MP_OBJ_IS_SMALL_INT
00135b54 0000002c t MP_OBJ_IS_OBJ
00135b80 00000098 t mp_obj_is_integer
00135c18 00000070 T _mod_citrus_gfx_get_gfx_screen
00135c88 00000050 T _mod_citrus_gfx_is_gfx_screen
00135cd8 00000018 t mod_citrus_gfx_init_default
00135cf0 0000006c t mod_citrus_gfx_init
00135d5c 00000018 t mod_citrus_gfx_exit
00135d74 00000034 t mod_citrus_gfx_set_3d
00135da8 00000030 t mod_citrus_gfx_is_3d
00135dd8 00000058 t mod_citrus_gfx_set_screen_format
00135e30 00000048 t mod_citrus_gfx_get_screen_format
00135e78 00000050 t mod_citrus_gfx_set_double_buffering
00135ec8 00000018 t mod_citrus_gfx_flush_buffers
00135ee0 00000050 t mod_citrus_gfx_config_screen
00135f30 00000018 t mod_citrus_gfx_swap_buffers
00135f48 00000018 t mod_citrus_gfx_swap_buffers_gpu
00135f60 00000020 t mod_citrus_hid_init
00135f80 00000018 t mod_citrus_hid_exit
00135f98 00000018 t mod_citrus_hid_scan_input
00135fb0 00000020 t mod_citrus_hid_keys_held
00135fd0 00000020 t mod_citrus_hid_keys_down
00135ff0 00000020 t mod_citrus_hid_keys_up
00136010 00000064 t mod_citrus_hid_touch_read
00136074 0000006c t mod_citrus_hid_circle_read
001360e0 00000088 t mod_citrus_hid_accel_read
00136168 00000088 t mod_citrus_hid_gyro_read
001361f0 00000050 t mod_citrus_hid_wait_for_event
00136240 000000f8 t mod_citrus_hid_user_get_handles
00136338 00000020 t mod_citrus_hid_user_enable_accelerometer
00136358 00000020 t mod_citrus_hid_user_disable_accelerometer
00136378 00000020 t mod_citrus_hid_user_enable_gyroscope
00136398 00000020 t mod_citrus_hid_user_disable_gyroscope
001363b8 0000006c t mod_citrus_hid_user_get_gyroscope_raw_to_dps_coefficient
00136424 0000006c t mod_citrus_hid_user_get_sound_volume
00136490 00000018 T mp_import_stat
001364a8 00000024 T mp_builtin_open
001364cc 00000014 T nlr_jump_fail
001364e0 0000001c T initConsole
001364fc 000000f8 t execute_from_lexer
001365f4 00000078 t do_file
0013666c 000000ac T main
00136718 000000c0 t file_buf_next_byte
001367d8 00000030 t file_buf_close
00136808 000000d4 T mp_lexer_new_from_file
001368dc 0000001c T debug_write
001368f8 0000000c T consoleGetDefault
00136904 00000084 T consoleDebugInit
00136988 00000018 T consoleSelect
001369a0 000001ac T consoleDrawChar
00136b4c 00000128 T consolePrintChar
00136c74 00000184 t consoleCls
00136df8 000000f8 T consoleInit
00136ef0 00000138 t consoleClearLine
00137028 000000c0 t newRow
001370e8 0000086c T con_write
00137954 0000000c T consoleClear
00137960 00000038 T consoleSetWindow
00137998 0000008c t gfxSetFramebufferInfo.part.0
00137a24 00000010 T gfxSet3D
00137a34 00000010 T gfxIs3D
00137a44 00000018 T gfxSetScreenFormat
00137a5c 00000018 T gfxGetScreenFormat
00137a74 00000014 T gfxSetDoubleBuffering
00137a88 00000070 T gfxSetFramebufferInfo
00137af8 00000088 T gfxWriteFramebufferInfo
00137b80 000001d0 T gfxInit
00137d50 00000010 T gfxInitDefault
00137d60 000000e0 T gfxExit
00137e40 000000b0 T gfxGetFramebuffer
00137ef0 000000cc T gfxFlushBuffers
00137fbc 00000070 T gfxConfigScreen
0013802c 00000020 T gfxSwapBuffers
0013804c 00000020 T gfxSwapBuffersGpu
0013806c 00000124 t gspEventThreadMain
00138190 00000074 T gspInit
00138204 0000003c T gspExit
00138240 000000d0 T gspInitEventHandler
00138310 0000005c T gspExitEventHandler
0013836c 00000058 T gspWaitForEvent
001383c4 00000058 T gspWaitForAnyEvent
0013841c 0000006c T GSPGPU_SetBufferSwap
00138488 0000004c T GSPGPU_FlushDataCache
001384d4 00000034 T GSPGPU_SetLcdForceBlack
00138508 0000002c T GSPGPU_TriggerCmdReqQueue
00138534 00000064 T GSPGPU_RegisterInterruptRelayQueue
00138598 0000002c T GSPGPU_UnregisterInterruptRelayQueue
001385c4 00000048 T GSPGPU_AcquireRight
0013860c 0000002c T GSPGPU_ReleaseRight
00138638 00000080 T GSPGPU_ImportDisplayCaptureInfo
001386b8 0000002c T GSPGPU_SaveVramSysArea
001386e4 0000002c T GSPGPU_RestoreVramSysArea
00138710 00000068 t __apt_initservicehandle
00138778 00000004 W _aptDebug
0013877c 00000098 T aptInitCaptureInfo
00138814 00000028 T aptWaitStatusEvent
0013883c 00000060 T aptGetMenuAppID
0013889c 00000030 T aptGetStatus
001388cc 0000006c T aptSetStatus
00138938 00000030 T aptGetStatusPower
00138968 00000030 T aptSetStatusPower
00138998 00000018 T aptOpenSession
001389b0 00000024 T aptCloseSession
001389d4 00000010 T aptSignalReadyForSleep
001389e4 00000048 T APT_GetLockHandle
00138a2c 00000060 T APT_Initialize
00138a8c 00000034 T APT_Finalize
00138ac0 00000048 T APT_InquireNotification
00138b08 0000002c T APT_PrepareToJumpToHomeMenu
00138b34 00000050 T APT_JumpToHomeMenu
00138b84 00000034 T APT_PrepareToJumpToApplication
00138bb8 00000050 T APT_JumpToApplication
00138c08 00000034 T APT_NotifyToWait
00138c3c 0000008c T APT_AppletUtility
00138cc8 00000188 T aptAppletUtility_Exit_RetToApp
00138e50 0000003c T aptAppletClosed
00138e8c 00000114 t aptAppStarted
00138fa0 00000298 T aptInit
00139238 0000006c T APT_ReceiveParameter
001392a4 00000064 T APT_SendParameter
00139308 00000044 T APT_SendCaptureBufferInfo
0013934c 00000264 T aptReturnToMenu
001395b0 00000038 T APT_ReplySleepQuery
001395e8 00000034 T APT_ReplySleepNotificationComplete
0013961c 000003f4 T aptEventHandler
00139a10 00000034 T APT_PrepareToCloseApplication
00139a44 00000050 T APT_CloseApplication
00139a94 000002d0 T aptExit
00139d64 0000006c T APT_CheckNew3DS_System
00139dd0 0000008c T APT_CheckNew3DS
00139e5c 00000054 T APT_StartLibraryApplet
00139eb0 00000174 T aptAppletStarted
0013a024 000001a4 T aptMainLoop
0013a1c8 000000d8 T hidExit
0013a2a0 00000058 T hidWaitForEvent
0013a2f8 00000238 T hidScanInput
0013a530 00000010 T hidKeysHeld
0013a540 00000010 T hidKeysDown
0013a550 00000010 T hidKeysUp
0013a560 00000018 T hidTouchRead
0013a578 00000018 T hidCircleRead
0013a590 00000020 T hidAccelRead
0013a5b0 00000020 T hidGyroRead
0013a5d0 00000090 T HIDUSER_GetHandles
0013a660 00000184 T hidInit
0013a7e4 0000002c T HIDUSER_EnableAccelerometer
0013a810 0000002c T HIDUSER_DisableAccelerometer
0013a83c 0000002c T HIDUSER_EnableGyroscope
0013a868 0000002c T HIDUSER_DisableGyroscope
0013a894 0000003c T HIDUSER_GetGyroscopeRawToDpsCoefficient
0013a8d0 00000038 T HIDUSER_GetSoundVolume
0013a908 00000038 W __libctru_init
0013a940 00000030 t __ctru_get_reent
0013a970 000000e8 T __system_initSyscalls
0013aa58 00000058 t osGetMemRegionSize
0013aab0 00000124 W __system_allocateHeaps
0013abd4 000000f4 T __system_initArgv
0013acc8 T svcControlMemory
0013ace8 T svcExitProcess
0013acf0 T svcCreateThread
0013ad10 T svcExitThread
0013ad18 T svcCreateEvent
0013ad2c T svcSignalEvent
0013ad34 T svcClearEvent
0013ad3c T svcMapMemoryBlock
0013ad44 T svcUnmapMemoryBlock
0013ad4c T svcCreateAddressArbiter
0013ad60 T svcArbitrateAddress
0013ad78 T svcCloseHandle
0013ad80 T svcWaitSynchronization
0013ad88 T svcWaitSynchronizationN
0013adb0 T svcDuplicateHandle
0013adc4 T svcGetSystemTick
0013adcc T svcGetSystemInfo
0013ade4 T svcConnectToPort
0013adf8 T svcSendSyncRequest
0013ae00 T svcBreak
0013ae08 T svcOutputDebugString
0013ae10 00000024 t addrMapNodeComparator(rbtree_node const*, rbtree_node const*)
0013ae34 00000004 t addrMapNodeDestructor(rbtree_node*)
0013ae38 00000130 T vramMemAlign
0013af68 00000008 T vramAlloc
0013af70 00000050 T vramFree
0013afc0 00000024 t addrMapNodeComparator(rbtree_node const*, rbtree_node const*)
0013afe4 00000004 t addrMapNodeDestructor(rbtree_node*)
0013afe8 000000f4 T mappableAlloc
0013b0dc 00000050 T mappableFree
0013b12c 00000024 t addrMapNodeComparator(rbtree_node const*, rbtree_node const*)
0013b150 00000004 t addrMapNodeDestructor(rbtree_node*)
0013b154 00000140 T linearMemAlign
0013b294 00000008 T linearAlloc
0013b29c 00000050 T linearFree
0013b2ec 000000a0 T MemPool::CoalesceRight(MemBlock*)
0013b38c 0000018c T MemPool::Allocate(MemChunk&, unsigned long, int)
0013b518 00000104 T MemPool::Deallocate(MemChunk const&)
0013b61c 00000034 t LightLock_Unlock.part.1
0013b650 0000000c T __sync_init
0013b65c 00000018 T __sync_fini
0013b674 00000018 T LightLock_Init
0013b68c 00000094 T LightLock_Lock
0013b720 00000034 T LightLock_TryLock
0013b754 00000020 T LightLock_Unlock
0013b774 00000024 T RecursiveLock_Init
0013b798 00000030 T RecursiveLock_Lock
0013b7c8 00000058 T RecursiveLock_TryLock
0013b820 00000038 T RecursiveLock_Unlock
0013b858 00000058 t getSysTime
0013b8b0 00000024 T osGetMemRegionUsed
0013b8d8 000000f4 T __libctru_gtod
0013b9d0 00000034 T __ctru_speedup_config
0013ba04 00000050 T srvExit
0013ba54 00000038 T srvRegisterClient
0013ba8c 00000070 T srvInit
0013bafc 00000068 T srvGetServiceHandleDirect
0013bb64 00000038 T srvGetServiceHandle
0013bb9c 000001c8 T threadCreate
0013bd64 00000024 T threadJoin
0013bd88 0000006c T threadExit
0013bdf4 0000003c t _thread_begin
0013be30 000000b0 T irrstScanInput
0013bee0 0000001c T irrstKeysHeld
0013befc 00000050 T IRRST_GetHandles
0013bf4c 00000148 T irrstInit
0013c094 0000002c T IRRST_Shutdown
0013c0c0 000000b0 T irrstExit
0013c170 00000070 T ptmSysmInit
0013c1e0 00000034 T ptmSysmExit
0013c214 00000034 T PTMSYSM_ConfigureNew3DSCPU
0013c248 00000014 T rbtree_init
0013c25c 000001d4 t do_insert
0013c430 00000008 T rbtree_insert
0013c438 000000ac T rbtree_rotate
0013c4e4 0000035c T rbtree_remove
0013c840 00000070 T rbtree_find
0013c8b0 0000001c W __appInit
0013c8cc 0000001c W __appExit
0013c8e8 000000a4 W __libctru_exit
0013c98c 00000094 T envGetHandle
0013ca20 0000004c T envDestroyHandles
0013ca6c 00000010 t sdmc_link
0013ca7c 00000010 t sdmc_dirreset
0013ca8c 00000010 t sdmc_chmod
0013ca9c 00000010 t sdmc_fchmod
0013caac 00000024 t error_cmp
0013cad0 00000050 t sdmc_translate_error
0013cb20 00000034 t sdmc_fsync
0013cb54 00000054 t sdmc_ftruncate
0013cba8 000000ac t sdmc_statvfs
0013cc54 00000038 t sdmc_dirclose
0013cc8c 000000e0 t sdmc_dirnext
0013cd6c 00000034 t sdmc_close
0013cda0 00000074 t sdmc_fstat
0013ce14 000000c0 t sdmc_seek
0013ced4 0000008c t sdmc_read
0013cf60 00000110 t sdmc_write_safe
0013d070 000001b4 t sdmc_utf16path
0013d224 00000080 t sdmc_rmdir
0013d2a4 0000009c t sdmc_diropen
0013d340 000000a8 t sdmc_chdir
0013d3e8 000000a4 t sdmc_mkdir
0013d48c 00000138 t sdmc_rename
0013d5c4 00000080 t sdmc_unlink
0013d644 00000120 t sdmc_stat
0013d764 000001ac t sdmc_open
0013d910 00000134 T sdmcInit
0013da44 00000050 T sdmcExit
0013da94 000000c8 T fsInit
0013db5c 00000034 T fsExit
0013db90 000000dc T FSUSER_OpenFile
0013dc6c 000000b8 T FSUSER_DeleteFile
0013dd24 000000f4 T FSUSER_RenameFile
0013de18 000000b8 T FSUSER_DeleteDirectory
0013ded0 000000d0 T FSUSER_CreateFile
0013dfa0 000000c0 T FSUSER_CreateDirectory
0013e060 000000f4 T FSUSER_RenameDirectory
0013e154 000000c4 T FSUSER_OpenDirectory
0013e218 000000bc T FSUSER_OpenArchive
0013e2d4 00000088 T FSUSER_CloseArchive
0013e35c 0000008c T FSUSER_GetSdmcArchiveResource
0013e3e8 00000064 T FSUSER_IsSdmcWritable
0013e44c 0000005c T FSFILE_Read
0013e4a8 00000064 T FSFILE_Write
0013e50c 0000003c T FSFILE_GetSize
0013e548 0000002c T FSFILE_SetSize
0013e574 0000003c T FSFILE_Close
0013e5b0 00000024 T FSFILE_Flush
0013e5d4 00000054 T FSDIR_Read
0013e628 0000003c T FSDIR_Close
0013e664 0000008c T rbtree_node_next
0013e6f0 000000e4 T utf16_to_utf8
0013e7d4 00000060 T decode_utf16
0013e834 00000138 T decode_utf8
0013e96c 000000bc T utf8_to_utf16
0013ea28 T __aeabi_read_tp
0013ea34 00000068 T encode_utf16
0013ea9c 00000104 T encode_utf8
0013eba0 00000218 T atanf
0013edb8 000000b8 T ceilf
0013ee70 0000001c T copysignf
0013ee8c 000000c4 T cosf
0013ef50 00000010 T fabsf
0013ef60 000000b8 T floorf
0013f018 0000005c T __fpclassifyf
0013f074 00000094 T frexpf
0013f108 00000094 T ldexpf
0013f19c 0000006c T modff
0013f208 00000090 T roundf
0013f298 00000118 T scalbnf
0013f3b0 000000cc T sinf
0013f47c 00000080 T tanf
0013f4fc 00000044 T truncf
0013f540 000000fc T acosf
0013f63c 000000fc T asinf
0013f738 00000004 T atan2f
0013f73c 00000158 T expf
0013f898 00000120 T fmodf
0013f9b8 0000016c T logf
0013fb28 00000414 T powf
0013ff40 00000118 T sqrtf
00140058 00000248 T __ieee754_acosf
001402a0 00000218 T __ieee754_asinf
001404b8 000001ec T __ieee754_atan2f
001406a4 00000210 T __ieee754_expf
001408b4 000001ac T __ieee754_fmodf
00140a60 00000278 T __ieee754_logf
00140cd8 000006c8 T __ieee754_powf
001413a0 000002e0 T __ieee754_rem_pio2f
00141680 000000ec T __ieee754_sqrtf
0014176c 00000124 T __kernel_cosf
00141890 00000828 T __kernel_rem_pio2f
001420b8 000000a0 T __kernel_sinf
00142158 000001f8 T __kernel_tanf
00142350 00000020 T finitef
00142370 0000000c T nanf
0014237c 00000008 T matherr
00142388 00000010 T nan
00142398 0000016c T rint
00142504 00000058 T __assert_func
0014255c 00000078 T bsearch
001425d4 0000000c T __errno
001425e0 00000120 T _fclose_r
00142700 00000018 T fclose
00142718 00000230 T __sflush_r
00142948 00000090 T _fflush_r
001429d8 00000038 T fflush
00142a10 0000000c T _cleanup_r
00142a1c 00000080 t std.isra.0
00142a9c 00000048 T __sfmoreglue
00142ae4 0000008c T __sinit
00142b70 0000011c T __sfp
00142c8c 0000000c T __sfp_lock_acquire
00142c98 0000000c T __sfp_lock_release
00142ca4 0000003c T __libc_fini_array
00142ce0 0000003c T fiprintf
00142d1c 0000013c T _fopen_r
00142e58 00000020 T fopen
00142e78 000002ec T _fread_r
00143164 00000038 T fread
0014319c 000000f8 T _malloc_trim_r
00143294 000002e4 T _free_r
00143578 00000004 T _fseek_r
0014357c 000004f8 T _fseeko_r
00143a74 00000078 T _fwalk
00143aec 00000080 T _fwalk_reent
00143b6c 00000078 T __libc_init_array
00143be4 00000038 T iprintf
00143c1c 00000160 T __smakebuf_r
00143d7c 00000020 T memalign
00143d9c 0000015c T _memalign_r
00143ef8 00000018 T malloc
00143f10 00000018 T free
00143f28 000007a8 T _malloc_r
001446d0 000000a8 T memcmp
00144778 000000f0 T memcpy
00144868 00000128 T memmove
00144990 000000f4 T memset
00144a84 0000000c T __malloc_lock
00144a90 0000000c T __malloc_unlock
00144a9c 00000038 T printf
00144ad4 000000ec T _puts_r
00144bc0 00000018 T puts
00144bd8 00000020 T realloc
00144bf8 000004c0 T _realloc_r
001450b8 0000001c t lflush
001450d4 000001d8 T __srefill_r
001452ac 000001fc T setvbuf
001454a8 00000074 T sscanf
0014551c 00000030 T __sread
0014554c 00000008 T __seofread
00145554 00000054 T __swrite
001455a8 0000002c T __sseek
001455d4 00000008 T __sclose
001455dc 0000015c T strchr
00145738 0000005c T strlen
00145794 000000a4 T strncat
00145838 000000e0 T strncpy
00145918 00000028 T strtoll
00145940 0000025c T _strtoll_r
00145b9c 00002c20 T __ssvfscanf_r
001487bc 0000161c t get_arg
00149dd8 000000a4 t __sprint_r.part.0
00149e7c 0000001c T __sprint_r
00149e98 00003464 T _vfiprintf_r
0014d2fc 000000cc t __sbprintf
0014d3c8 0000161c t get_arg
0014e9e8 00004878 T _vfprintf_r
00153260 000000cc t __sbprintf
0015332c 0000008c T _wcrtomb_r
001533b8 00000020 T _wcsrtombs_r
001533d8 00000114 T __utf8_wctomb
001534ec 00000148 T __swsetup_r
00153634 00000014 T abort
00153648 000001bc t quorem
00153808 000012c8 T _dtoa_r
00154ad0 000000b0 T __sflags
00154b80 00000124 T __fputwc
00154ca4 000000a8 T _fputwc_r
00154d4c 000004a4 T __sfvwrite_r
001551f0 00000074 T iswspace
00155264 00000204 t __jp2uc
00155468 00000084 T _jp2uc
001554ec 0000000c T __locale_charset
001554f8 00000010 T __locale_mb_cur_max
00155508 0000000c T _localeconv_r
00155514 00000098 T _mbrtowc_r
001555ac 000002fc T __utf8_mbtowc
001558a8 00000100 T memchr
001559a8 0000008c T _Balloc
00155a34 0000001c T _Bfree
00155a50 000000d0 T __multadd
00155b20 000000e4 T __s2b
00155c04 0000005c T __hi0bits
00155c60 00000098 T __lo0bits
00155cf8 00000020 T __i2b
00155d18 000001dc T __multiply
00155ef4 00000100 T __pow5mult
00155ff4 000000f0 T __lshift
001560e4 00000064 T __mcmp
00156148 00000198 T __mdiff
001562e0 00000078 T __ulp
00156358 000000d4 T __b2d
0015642c 00000104 T __d2b
00156530 00000078 T __ratio
001565a8 0000006c T __copybits
00156614 00000080 T __any_on
00156694 000000d0 T __sccl
00156764 00000074 T __fpclassifyd
001567d8 00000094 T frexp
00156870 00000098 T _raise_r
00156908 00000018 T raise
00156920 00000068 T sprintf
00156988 00000108 T stpncpy
00156a90 0000011c T strncmp
00156bac 00000058 t sulp
00156c08 0000144c T _strtod_r
00158058 000001d4 T _strtol_r
00158230 00000264 T _strtoull_r
00158498 000001d4 T _strtoul_r
0015866c 000001a8 T __ssprint_r
00158814 000000f8 T _sungetc_r
0015890c 0000006c T __ssrefill_r
00158978 000000c8 T _sfread_r
00158a40 0000161c t get_arg
0015a060 000049fc T _svfprintf_r
0015ea60 000000a8 T __submore
0015eb08 00000124 T __swbuf_r
0015ec2c 00000190 T _wcsnrtombs_r
0015edbc 00000090 T _calloc_r
0015ee4c 000000ec t rshift
0015ef38 000007d0 T __gethex
0015f708 00000258 T __hexnan
0015f960 0000005c T strnlen
0015f9bc 00000044 T strrchr
0015fa00 T _fini
00161c20 000007cc r const_pool
0016242c 0000000f r __func__.6943
0016243c 00000011 r __func__.6954
00162450 00000011 r pad_spaces
00162464 00000011 r pad_zeroes
00162478 00000008 R mp_plat_print
0016249c 00000080 r attr
00162560 0000002b r tok_enc_kind
00162694 00000008 r rule_single_input
0016269c 00000004 r rule_file_input
001626a0 00000004 r rule_file_input_2
001626a4 00000006 r rule_file_input_3
001626ac 00000006 r rule_eval_input
001626b4 00000004 r rule_eval_input_2
001626b8 0000000a r rule_decorator
001626c4 00000004 r rule_decorators
001626c8 00000006 r rule_decorated
001626d0 00000006 r rule_decorated_body
001626d8 00000012 r rule_funcdef
001626ec 00000006 r rule_funcdefrettype
001626f4 00000006 r rule_typedargslist
001626fc 00000008 r rule_typedargslist_item
00162704 00000008 r rule_typedargslist_name
0016270c 00000006 r rule_typedargslist_star
00162714 00000008 r rule_typedargslist_dbl_star
0016271c 00000006 r rule_typedargslist_colon
00162724 00000006 r rule_typedargslist_equal
0016272c 00000006 r rule_tfpdef
00162734 00000006 r rule_varargslist
0016273c 00000008 r rule_varargslist_item
00162744 00000006 r rule_varargslist_name
0016274c 00000006 r rule_varargslist_star
00162754 00000006 r rule_varargslist_dbl_star
0016275c 00000006 r rule_varargslist_equal
00162764 00000004 r rule_vfpdef
00162768 00000006 r rule_stmt
00162770 00000006 r rule_simple_stmt
00162778 00000006 r rule_simple_stmt_2
00162780 00000012 r rule_small_stmt
00162794 00000006 r rule_expr_stmt
0016279c 00000006 r rule_expr_stmt_2
001627a4 00000006 r rule_expr_stmt_augassign
001627ac 00000004 r rule_expr_stmt_assign_list
001627b0 00000006 r rule_expr_stmt_assign
001627b8 00000006 r rule_expr_stmt_6
001627c0 00000006 r rule_testlist_star_expr
001627c8 00000006 r rule_testlist_star_expr_2
001627d0 0000001a r rule_augassign
001627ec 00000006 r rule_del_stmt
001627f4 00000004 r rule_pass_stmt
001627f8 0000000c r rule_flow_stmt
00162804 00000004 r rule_break_stmt
00162808 00000004 r rule_continue_stmt
0016280c 00000006 r rule_return_stmt
00162814 00000004 r rule_yield_stmt
00162818 00000006 r rule_raise_stmt
00162820 00000006 r rule_raise_stmt_arg
00162828 00000006 r rule_raise_stmt_from
00162830 00000006 r rule_import_stmt
00162838 00000006 r rule_import_name
00162840 0000000a r rule_import_from
0016284c 00000006 r rule_import_from_2
00162854 00000006 r rule_import_from_2b
0016285c 00000008 r rule_import_from_3
00162864 00000008 r rule_import_as_names_paren
0016286c 00000004 r rule_one_or_more_period_or_ellipsis
00162870 00000006 r rule_period_or_ellipsis
00162878 00000006 r rule_import_as_name
00162880 00000006 r rule_dotted_as_name
00162888 00000006 r rule_as_name
00162890 00000006 r rule_import_as_names
00162898 00000006 r rule_dotted_as_names
001628a0 00000006 r rule_dotted_name
001628a8 00000006 r rule_global_stmt
001628b0 00000006 r rule_nonlocal_stmt
001628b8 00000006 r rule_name_list
001628c0 00000008 r rule_assert_stmt
001628c8 00000006 r rule_assert_stmt_extra
001628d0 00000012 r rule_compound_stmt
001628e4 0000000e r rule_if_stmt
001628f4 00000004 r rule_if_stmt_elif_list
001628f8 0000000a r rule_if_stmt_elif
00162904 0000000c r rule_while_stmt
00162910 00000010 r rule_for_stmt
00162920 0000000a r rule_try_stmt
0016292c 00000006 r rule_try_stmt_2
00162934 00000008 r rule_try_stmt_except_and_more
0016293c 0000000a r rule_try_stmt_except
00162948 00000006 r rule_try_stmt_as_name
00162950 00000004 r rule_try_stmt_except_list
00162954 00000008 r rule_try_stmt_finally
0016295c 00000008 r rule_else_stmt
00162964 0000000a r rule_with_stmt
00162970 00000006 r rule_with_stmt_list
00162978 00000006 r rule_with_item
00162980 00000006 r rule_with_item_as
00162988 00000006 r rule_suite
00162990 0000000a r rule_suite_block
0016299c 00000004 r rule_suite_block_stmts
001629a0 00000006 r rule_test
001629a8 00000006 r rule_test_if_expr
001629b0 0000000a r rule_test_if_else
001629bc 00000006 r rule_test_nocond
001629c4 0000000a r rule_lambdef
001629d0 0000000a r rule_lambdef_nocond
001629dc 00000006 r rule_or_test
001629e4 00000006 r rule_and_test
001629ec 00000006 r rule_not_test
001629f4 00000006 r rule_not_test_2
001629fc 00000006 r rule_comparison
00162a04 00000014 r rule_comp_op
00162a18 00000006 r rule_comp_op_not_in
00162a20 00000006 r rule_comp_op_is
00162a28 00000004 r rule_comp_op_is_not
00162a2c 00000006 r rule_star_expr
00162a34 00000006 r rule_expr
00162a3c 00000006 r rule_xor_expr
00162a44 00000006 r rule_and_expr
00162a4c 00000006 r rule_shift_expr
00162a54 00000006 r rule_shift_op
00162a5c 00000006 r rule_arith_expr
00162a64 00000006 r rule_arith_op
00162a6c 00000006 r rule_term
00162a74 0000000a r rule_term_op
00162a80 00000006 r rule_factor
00162a88 00000006 r rule_factor_2
00162a90 00000008 r rule_factor_op
00162a98 00000008 r rule_power
00162aa0 00000004 r rule_power_trailers
00162aa4 00000006 r rule_power_dbl_star
00162aac 00000018 r rule_atom
00162ac4 00000004 r rule_atom_string
00162ac8 00000006 r rule_string_or_bytes
00162ad0 00000008 r rule_atom_paren
00162ad8 00000006 r rule_atom_2b
00162ae0 00000008 r rule_atom_bracket
00162ae8 00000008 r rule_atom_brace
00162af0 00000006 r rule_testlist_comp
00162af8 00000006 r rule_testlist_comp_2
00162b00 00000006 r rule_testlist_comp_3
00162b08 00000006 r rule_testlist_comp_3b
00162b10 00000006 r rule_testlist_comp_3c
00162b18 00000008 r rule_trailer
00162b20 00000008 r rule_trailer_paren
00162b28 00000008 r rule_trailer_bracket
00162b30 00000006 r rule_trailer_period
00162b38 00000006 r rule_subscriptlist
00162b40 00000006 r rule_exprlist
00162b48 00000006 r rule_exprlist_2
00162b50 00000006 r rule_testlist
00162b58 00000006 r rule_dictorsetmaker
00162b60 00000008 r rule_dictorsetmaker_item
00162b68 00000006 r rule_dictorsetmaker_tail
00162b70 00000006 r rule_dictorsetmaker_list
00162b78 00000006 r rule_dictorsetmaker_list2
00162b80 0000000c r rule_classdef
00162b8c 00000008 r rule_classdef_2
00162b94 00000006 r rule_arglist
00162b9c 00000008 r rule_arglist_2
00162ba4 00000006 r rule_arglist_star
00162bac 00000006 r rule_arglist_dbl_star
00162bb4 00000006 r rule_argument
00162bbc 00000006 r rule_argument_2
00162bc4 00000006 r rule_argument_3
00162bcc 00000006 r rule_comp_iter
00162bd4 0000000c r rule_comp_for
00162be0 00000008 r rule_comp_if
00162be8 00000006 r rule_yield_expr
00162bf0 00000006 r rule_yield_arg
00162bf8 00000006 r rule_yield_arg_from
00162e08 00000013 r __func__.8201
00162e1c 00000009 r __func__.8209
00162e28 0000000b r __func__.8228
00162e34 0000000c r __func__.8233
00162e40 0000000b r token_to_op.8280
00162e4c 0000000f r __func__.8289
00162e5c 00000009 r __func__.8326
00162eb0 0000000a r __func__.6736
00162ebc 0000001c r __func__.6780
00163b54 0000001e r __func__.8169
00163b74 0000000a r __func__.8257
00163b80 0000000f r __func__.8278
00163b90 00000009 r __func__.8301
00163b9c 00000019 r __func__.8328
00163bb8 0000001e r __func__.8348
00163bd8 00000012 r __func__.8390
00163bec 0000000b r __func__.8423
00163bf8 00000013 r __func__.8441
00163c0c 00000016 r __func__.8446
00163c24 0000000f r __func__.8470
00163c34 00000014 r __func__.8508
00163c48 00000010 r __func__.8582
00163c58 00000021 r __func__.8615
00163c7c 00000013 r __func__.8647
00163c90 00000014 r __func__.8666
00163ca4 00000011 r __func__.8671
00163cb8 00000012 r __func__.8691
00163ccc 00000012 r __func__.8698
00163ce0 00000015 r __func__.8739
00163cf8 00000013 r __func__.8790
00163d0c 00000013 r __func__.8819
00163d20 00000013 r __func__.8829
00163d34 0000000d r __func__.8839
00163d44 00000011 r __func__.8847
00163d58 00000014 r __func__.8899
00163d6c 00000016 r __func__.8918
00163d84 00000013 r __func__.8926
00163d98 00000015 r __func__.8935
00163db0 00000013 r __func__.8942
00163dc4 00000020 r __func__.9020
00163de4 00000018 r __func__.9043
00163dfc 0000000e r __func__.9061
00163e0c 00000015 r __func__.9100
00163e84 00000015 r __func__.7490
001640d4 00000010 R mp_emit_bc_method_table_load_id_ops
001640e4 00000010 R mp_emit_bc_method_table_store_id_ops
001640f4 00000010 R mp_emit_bc_method_table_delete_id_ops
00164104 00000020 r __func__.7786
00164124 00000021 r __func__.7805
00164148 0000001f r __func__.7816
00164168 0000001e r __func__.7828
00164188 0000001d r __func__.7859
001641a8 00000022 r __func__.7866
001641cc 00000016 r __func__.7889
001641e4 0000000c r __func__.7923
001641f0 00000018 r __func__.7928
00164208 0000001a r __func__.7951
00164224 00000018 r __func__.8173
0016423c 00000019 r __func__.8201
00164258 00000018 r g_pos_pow
00164270 00000018 r g_neg_pow
001643a8 0000001f r __func__.7249
001643c8 0000000c R mp_module___main__
0016467c 0000000c r __func__.7647
00164688 0000001e r __func__.7765
001646a8 00000015 r __func__.7851
001646c0 0000000b r __func__.7869
001646cc 0000000a r __func__.7891
00164818 00000011 r __func__.7334
00164a24 0000000c R mp_identity_obj
00164a58 00000017 r __func__.7312
00164b50 0000000c r array_append_obj
00164b5c 0000000c r array_extend_obj
00164b68 00000010 r array_locals_dict_table
00164b78 00000010 r array_locals_dict
00164b88 0000003c R mp_type_array
00164bc4 0000003c R mp_type_bytearray
00164c00 0000003c r array_it_type
00164c3c 0000000d r __func__.7350
00164c4c 0000000d r __func__.7358
00164c6c 0000003c R mp_type_attrtuple
00164cb8 0000003c R mp_type_bool
00164cf4 00000008 R mp_const_false_obj
00164cfc 00000008 R mp_const_true_obj
00164d20 0000003c r mp_type_bound_meth
00164d74 0000003c r mp_type_cell
00164de4 0000003c R closure_type
00164e34 0000003c R mp_type_complex
00164f14 00000013 r __func__.8146
00164f70 0000000c r dict_clear_obj
00164f7c 0000000c r dict_copy_obj
00164fa4 0000000c r dict_fromkeys_fun_obj
00164fb0 00000008 r dict_fromkeys_obj
00164fd8 0000000c r dict_get_obj
00164fe4 0000000c r dict_pop_obj
00164ff0 0000000c r dict_setdefault_obj
0016501c 0000000c r dict_popitem_obj
00165058 0000000c r dict_update_obj
00165064 0000003c r dict_view_type
001650a0 0000003c r dict_view_it_type
0016518c 0000000c r dict_items_obj
00165198 0000000c r dict_keys_obj
001651a4 0000000c r dict_values_obj
001651b0 00000070 r dict_locals_dict_table
00165220 00000010 r dict_locals_dict
00165230 0000003c R mp_type_dict
0016526c 0000000b r __func__.7332
00165278 0000000a r __func__.7338
00165284 0000000e r __func__.7347
00165294 00000009 r __func__.7371
001652a0 00000009 r __func__.7378
001652ac 00000010 r __func__.7385
001652bc 0000000d r __func__.7391
001652cc 0000000c r __func__.7403
001652d8 00000016 r __func__.7446
001652f0 00000012 r __func__.7458
00165304 00000010 r __func__.7466
00165314 0000000a r __func__.7490
00165320 00000012 r __func__.7523
00165334 00000013 r __func__.7529
00165348 00000014 r __func__.7534
0016535c 00000010 R mp_const_MemoryError_obj
0016536c 00000010 R mp_const_GeneratorExit_obj
00165384 0000000c r exc___init___obj
00165390 00000008 r exc_locals_dict_table
00165398 00000010 r exc_locals_dict
001653a8 0000003c R mp_type_BaseException
001653e4 0000000c r mp_type_BaseException_base_tuple
001653f0 0000003c R mp_type_SystemExit
0016542c 0000003c R mp_type_KeyboardInterrupt
00165468 0000003c R mp_type_GeneratorExit
001654a4 0000003c R mp_type_Exception
001654e0 0000000c r mp_type_Exception_base_tuple
001654ec 0000003c R mp_type_StopIteration
00165528 0000003c R mp_type_ArithmeticError
00165564 0000000c r mp_type_ArithmeticError_base_tuple
00165570 0000003c R mp_type_OverflowError
001655ac 0000003c R mp_type_ZeroDivisionError
001655e8 0000003c R mp_type_AssertionError
00165624 0000003c R mp_type_AttributeError
00165660 0000003c R mp_type_EOFError
0016569c 0000003c R mp_type_ImportError
001656d8 0000003c R mp_type_LookupError
00165714 0000000c r mp_type_LookupError_base_tuple
00165720 0000003c R mp_type_IndexError
0016575c 0000003c R mp_type_KeyError
00165798 0000003c R mp_type_MemoryError
001657d4 0000003c R mp_type_NameError
00165810 0000003c R mp_type_OSError
0016584c 0000003c R mp_type_RuntimeError
00165888 0000000c r mp_type_RuntimeError_base_tuple
00165894 0000003c R mp_type_NotImplementedError
001658d0 0000003c R mp_type_SyntaxError
0016590c 0000000c r mp_type_SyntaxError_base_tuple
00165918 0000003c R mp_type_IndentationError
00165954 0000003c R mp_type_TypeError
00165990 0000003c R mp_type_ValueError
00165a3c 0000001a r __func__.7275
00165a58 0000001e r __func__.7284
00165a78 00000021 r __func__.7302
00165a9c 0000001f r __func__.7310
00165abc 0000001f r __func__.7319
00165b1c 0000003c R mp_type_filter
00165b58 00000010 r __func__.6898
00165b68 00000008 R mp_const_float_e_obj
00165b70 00000008 R mp_const_float_pi_obj
00165b7c 0000003c R mp_type_float
00165bfc 00000011 r __func__.8292
00165c50 0000003c R mp_type_fun_builtin
00165c90 0000003c R mp_type_fun_bc
00165cf8 00000011 r __func__.7201
00165d0c 0000000c r __func__.7237
00165d18 00000012 r __func__.7248
00165d6c 0000003c R mp_type_gen_wrap
00165e50 0000000c r gen_instance_send_obj
00165e5c 0000000c r gen_instance_throw_obj
00165e68 0000000c r gen_instance_close_obj
00165e74 00000018 r gen_instance_locals_dict_table
00165e8c 00000010 r gen_instance_locals_dict
00165e9c 0000003c R mp_type_gen_instance
00165ed8 0000000e r __func__.7382
00165ee8 00000012 r __func__.7404
00165efc 0000003c r it_type
00165f38 00000021 r log_base2_floor
00165f5c 0000000c r int_from_bytes_fun_obj
00165f68 00000008 r int_from_bytes_obj
00165f70 0000000c r int_to_bytes_obj
00165f7c 00000010 r int_locals_dict_table
00165f8c 00000010 r int_locals_dict
00165f9c 0000003c R mp_type_int
00166074 00000019 r __func__.8267
00166174 0000000c r list_append_obj
00166180 0000000c r list_extend_obj
0016618c 0000000c r list_clear_obj
00166198 0000000c r list_copy_obj
001661a4 0000000c r list_count_obj
001661b0 0000000c r list_index_obj
001661bc 0000000c r list_insert_obj
001661c8 0000000c r list_pop_obj
001661d4 0000000c r list_remove_obj
001661e0 0000000c r list_reverse_obj
001661ec 0000000c r list_sort_obj
001661f8 00000058 r list_locals_dict_table
00166250 00000010 r list_locals_dict
00166260 0000003c R mp_type_list
0016629c 00000010 r __func__.7192
001662ac 00000013 r __func__.7237
001662c0 0000000c r __func__.7243
001662cc 00000009 r __func__.7250
001662d8 00000018 r allowed_args.7279
001662f0 00000011 r __func__.7284
00166304 0000000b r __func__.7289
00166310 0000000a r __func__.7294
0016631c 0000000b r __func__.7300
00166328 0000000b r __func__.7306
00166334 0000000c r __func__.7313
00166340 00000013 r __func__.7324
00166354 0000000d r __func__.7329
0016639c 0000003c R mp_type_map
001663d8 0000000d r __func__.7332
00166410 0000003c R mp_type_module
0016648c 00000048 r mp_builtin_module_table
001664d4 0000000c r mp_builtin_module_map
001664e0 0000001a r __func__.7424
001664fc 0000003c R mp_type_object
00166538 0000003c R mp_type_polymorph_iter
0016657c 0000003c R mp_type_NoneType
001665b8 00000004 R mp_const_none_obj
00166660 0000000c r namedtuple_base_tuple
0016667c 0000000c R mp_namedtuple_obj
00166688 0000003c r range_it_type
001666e0 0000003c R mp_type_range
00166720 0000003c R mp_type_singleton
0016675c 00000008 R mp_const_ellipsis_obj
00166d50 0000000c R str_find_obj
00166d5c 0000000c R str_rfind_obj
00166d68 0000000c R str_index_obj
00166d74 0000000c R str_rindex_obj
00166d80 0000000c R str_join_obj
00166d8c 0000000c R str_split_obj
00166d98 0000000c R str_rsplit_obj
00166da4 0000000c R str_startswith_obj
00166db0 0000000c R str_endswith_obj
00166dbc 0000000c R str_strip_obj
00166dc8 0000000c R str_lstrip_obj
00166dd4 0000000c R str_rstrip_obj
00166de0 0000000c R str_format_obj
00166dec 0000000c R str_replace_obj
00166df8 0000000c R str_count_obj
00166e04 0000000c R str_partition_obj
00166e10 0000000c R str_rpartition_obj
00166e1c 0000000c R str_lower_obj
00166e28 0000000c R str_upper_obj
00166e34 0000000c R str_isspace_obj
00166e40 0000000c R str_isalpha_obj
00166e4c 0000000c R str_isdigit_obj
00166e58 0000000c R str_isupper_obj
00166e64 0000000c R str_islower_obj
00166e70 000000c0 r str8_locals_dict_table
00166f30 00000010 r str8_locals_dict
00166f40 0000003c R mp_type_str
00166f7c 0000003c R mp_type_bytes
00166fb8 00000010 R mp_const_empty_bytes_obj
00166ff4 00000009 r __func__.7355
00167000 0000000b r __func__.7444
0016700c 0000000e r __func__.7495
0016701c 00000007 r whitespace.7499
00167024 00000019 r __func__.7582
00167040 00000012 r __func__.7640
00167054 00000012 r __func__.7651
00167068 0000000c r __func__.7708
00167074 0000000a r __func__.7734
00167080 00000010 r __func__.7751
001670e0 0000000c r tuple_count_obj
00167114 0000000c r tuple_index_obj
00167120 00000010 r tuple_locals_dict_table
00167130 00000010 r tuple_locals_dict
00167140 0000003c R mp_type_tuple
0016717c 00000008 R mp_const_empty_tuple_obj
00167184 00000011 r __func__.7178
00167198 0000000c r __func__.7228
001671a4 0000000c r __func__.7235
001671b0 00000011 r __func__.7256
001671c4 00000011 r __func__.7261
00167324 0000001c R mp_unary_op_method_name
00167340 00000088 R mp_binary_op_method_name
001674bc 0000003c R mp_type_type
00167614 0000003c R mp_type_super
001676b0 0000000c R mp_builtin_issubclass_obj
001676bc 0000000c R mp_builtin_isinstance_obj
00167708 0000003c R mp_type_staticmethod
00167744 0000003c R mp_type_classmethod
00167780 0000001c r __func__.7180
0016779c 00000014 r __func__.7196
001677b0 00000019 r __func__.7227
001677cc 0000001a r __func__.7263
001677e8 0000000a r __func__.7354
001677f4 00000010 r __func__.7366
00167804 0000000b r __func__.7401
00167810 0000001d r __func__.7462
00167868 0000003c R mp_type_zip
001678a4 0000000d r __func__.7331
001678b4 0000000c R mp_op_getitem_obj
001678c0 0000000c R mp_op_setitem_obj
001678cc 0000000c R mp_op_delitem_obj
001678d8 0000000c R mp_op_contains_obj
001679ac 0000000c R mp_builtin___import___obj
001679b8 00000016 r __func__.7422
001679d0 0000000c R mp_builtin_eval_obj
001679dc 0000000c R mp_builtin_exec_obj
001679e8 00000010 r mp_module_array_globals_table
001679f8 00000010 r mp_module_array_globals
00167a08 0000000c R mp_module_array
00167a34 0000000c R mp_builtin___build_class___obj
00167a40 0000000c R mp_builtin_abs_obj
00167a4c 0000000c R mp_builtin_all_obj
00167a58 0000000c R mp_builtin_any_obj
00167a64 0000000c R mp_builtin_bin_obj
00167a70 0000000c R mp_builtin_callable_obj
00167a98 0000000c R mp_builtin_chr_obj
00167aa4 0000000c R mp_builtin_dir_obj
00167ab0 0000000c R mp_builtin_divmod_obj
00167abc 0000000c R mp_builtin_hash_obj
00167ac8 0000000c R mp_builtin_hex_obj
00167ad4 0000000c R mp_builtin_iter_obj
00167afc 0000000c R mp_builtin_max_obj
00167b08 0000000c R mp_builtin_min_obj
00167b14 0000000c R mp_builtin_next_obj
00167b20 0000000c R mp_builtin_oct_obj
00167b68 0000000c R mp_builtin_ord_obj
00167b90 0000000c R mp_builtin_pow_obj
00167ba4 0000000c R mp_builtin_print_obj
00167bb0 0000000c R mp_builtin___repl_print___obj
00167bbc 0000000c R mp_builtin_repr_obj
00167bc8 0000000c R mp_builtin_round_obj
00167bf0 0000000c R mp_builtin_sum_obj
00167c34 0000000c R mp_builtin_sorted_obj
00167c40 0000000c R mp_builtin_getattr_obj
00167c4c 0000000c R mp_builtin_setattr_obj
00167c58 0000000c R mp_builtin_hasattr_obj
00167c64 0000000c R mp_builtin_globals_obj
00167c70 0000000c R mp_builtin_locals_obj
00167c7c 0000000c R mp_builtin_id_obj
00167c88 0000000c R mp_builtin_len_obj
00167c94 00000290 r mp_module_builtins_globals_table
00167f24 00000010 R mp_module_builtins_globals
00167f34 0000000c R mp_module_builtins
00167f40 0000001b r __func__.7885
00167f5c 0000000f r __func__.8023
00167f6c 0000000f r __func__.8070
00167f7c 00000012 r __func__.8086
00167f90 00000010 r mp_module_collections_globals_table
00167fa0 00000010 r mp_module_collections_globals
00167fb0 0000000c R mp_module_collections
00167fd0 0000000c r mp_math_sqrt_obj
00167fdc 0000000c r mp_math_pow_obj
00167fe8 0000000c r mp_math_exp_obj
00167ff4 0000000c r mp_math_cos_obj
00168000 0000000c r mp_math_sin_obj
0016800c 0000000c r mp_math_tan_obj
00168018 0000000c r mp_math_acos_obj
00168024 0000000c r mp_math_asin_obj
00168030 0000000c r mp_math_atan_obj
0016803c 0000000c r mp_math_atan2_obj
00168048 0000000c r mp_math_ceil_obj
00168054 0000000c r mp_math_copysign_obj
00168060 0000000c r mp_math_fabs_obj
0016806c 0000000c r mp_math_floor_obj
00168078 0000000c r mp_math_fmod_obj
00168084 0000000c r mp_math_isfinite_obj
00168090 0000000c r mp_math_isinf_obj
0016809c 0000000c r mp_math_isnan_obj
001680a8 0000000c r mp_math_trunc_obj
001680b4 0000000c r mp_math_ldexp_obj
001680c0 0000000c r mp_math_log_obj
001680cc 0000000c r mp_math_frexp_obj
001680d8 0000000c r mp_math_modf_obj
001680e4 0000000c r mp_math_radians_obj
001680f0 0000000c r mp_math_degrees_obj
001680fc 000000e0 r mp_module_math_globals_table
001681dc 00000010 r mp_module_math_globals
001681ec 0000000c R mp_module_math
001681f8 00000008 r mp_module_micropython_globals_table
00168200 00000010 r mp_module_micropython_globals
00168210 0000000c R mp_module_micropython
00168244 0000000c R struct_calcsize_obj
00168264 0000000c R struct_unpack_from_obj
00168270 0000000c R struct_pack_obj
0016827c 0000000c R struct_pack_into_obj
00168288 00000030 r mp_module_struct_globals_table
001682b8 00000010 r mp_module_struct_globals
001682c8 0000000c R mp_module_ustruct
001682d4 00000010 r __func__.7361
001682ec 00000010 r version_obj
001682fc 00000014 r mp_sys_version_info_obj
00168310 00000014 r mp_sys_implementation_version_info_obj
00168324 00000008 r impl_fields
0016832c 00000014 r mp_sys_implementation_obj
00168340 0000000c R mp_sys_exit_obj
0016834c 0000000c R mp_sys_print_exception_obj
00168358 00000048 r mp_module_sys_globals_table
001683a0 00000010 r mp_module_sys_globals
001683b0 0000000c R mp_module_sys
001683bc 00000014 r __func__.7278
001684f0 00000030 r mp_module_citrus_globals_table
00168520 00000010 r mp_module_citrus_globals
00168530 0000000c R mp_module_citrus
0016853c 0000000c r mod_citrus_apt_init_obj
00168548 0000000c r mod_citrus_apt_exit_obj
00168554 0000000c r mod_citrus_apt_open_session_obj
00168560 0000000c r mod_citrus_apt_close_session_obj
0016856c 0000000c r mod_citrus_apt_set_status_obj
00168578 0000000c r mod_citrus_apt_get_status_obj
00168584 0000000c r mod_citrus_apt_get_status_power_obj
00168590 0000000c r mod_citrus_apt_set_status_power_obj
0016859c 0000000c r mod_citrus_apt_return_to_menu_obj
001685a8 0000000c r mod_citrus_apt_wait_status_event_obj
001685b4 0000000c r mod_citrus_apt_signal_ready_for_sleep_obj
001685c0 0000000c r mod_citrus_apt_get_menu_app_id_obj
001685cc 0000000c r mod_citrus_apt_main_loop_obj
001685d8 0000000c r mod_citrus_apt_hook_obj
001685e4 0000000c r mod_citrus_apt_unhook_obj
001685f0 000001e0 r mp_module_citrus_apt_globals_table
001687d0 00000010 r mp_module_citrus_apt_globals
001687e0 0000000c R mp_module_citrus_apt
001687ec 0000003c R mod_citrus_console_PrintConsole_type
00168828 0000000c r mod_citrus_console_PrintConsole_select_obj
00168834 0000000c r mod_citrus_console_PrintConsole_set_window_obj
00168888 00000010 r mod_citrus_console_PrintConsole_locals_dict_table
00168898 00000010 r mod_citrus_console_PrintConsole_locals_dict
001688a8 00000048 r allowed_args.11600
001688f0 0000000c r mod_citrus_gsp_init_obj
001688fc 0000000c r mod_citrus_gsp_exit_obj
00168908 0000000c r mod_citrus_gsp_set_event_callback_obj
00168914 0000000c r mod_citrus_gsp_init_event_handler_obj
00168920 0000000c r mod_citrus_gsp_exit_event_handler_obj
0016892c 0000000c r mod_citrus_gsp_wait_for_event_obj
00168938 0000000c r mod_citrus_gsp_wait_for_any_event_obj
00168944 0000000c r mod_citrus_gsp_wait_for_psc0_obj
00168950 0000000c r mod_citrus_gsp_wait_for_psc1_obj
0016895c 0000000c r mod_citrus_gsp_wait_for_vblank_obj
00168968 0000000c r mod_citrus_gsp_wait_for_vblank0_obj
00168974 0000000c r mod_citrus_gsp_wait_for_vblank1_obj
00168980 0000000c r mod_citrus_gsp_wait_for_ppf_obj
0016898c 0000000c r mod_citrus_gsp_wait_for_p3d_obj
00168998 0000000c r mod_citrus_gsp_wait_for_dma_obj
001689a4 0000000c r mod_citrus_gsp_submit_gx_command_obj
001689b0 0000000c r mod_citrus_gsp_gpu_acquire_right_obj
001689bc 0000000c r mod_citrus_gsp_gpu_release_right_obj
001689c8 0000000c r mod_citrus_gsp_gpu_import_display_capture_info_obj
001689d4 0000000c r mod_citrus_gsp_gpu_save_vram_sys_area_obj
001689e0 0000000c r mod_citrus_gsp_gpu_restore_vram_sys_area_obj
001689ec 0000000c r mod_citrus_gsp_gpu_set_lcd_force_black_obj
001689f8 0000000c r mod_citrus_gsp_gpu_set_buffer_swap_obj
00168a04 0000000c r mod_citrus_gsp_gpu_flush_data_cache_obj
00168a10 0000000c r mod_citrus_gsp_gpu_invalidate_data_cache_obj
00168a1c 0000000c r mod_citrus_gsp_gpu_write_hw_regs_obj
00168a28 0000000c r mod_citrus_gsp_gpu_write_hw_regs_with_mask_obj
00168a34 0000000c r mod_citrus_gsp_gpu_read_hw_regs_obj
00168a40 0000000c r mod_citrus_gsp_gpu_register_interrupt_relay_queue_obj
00168a4c 0000000c r mod_citrus_gsp_gpu_unregister_interrupt_relay_queue_obj
00168a58 0000000c r mod_citrus_gsp_gpu_trigger_cmd_req_queue_obj
00168a64 00000168 r mp_module_citrus_gsp_globals_table
00168bcc 00000010 r mp_module_citrus_gsp_globals
00168bdc 0000000c R mp_module_citrus_gsp
00168be8 0000000c r mod_citrus_console_get_default_obj
00168bf4 0000000c r mod_citrus_console_init_obj
00168c00 0000000c r mod_citrus_console_debug_init_obj
00168c0c 0000000c r mod_citrus_console_clear_obj
00168c18 00000150 r mp_module_citrus_console_globals_table
00168d68 00000010 r mp_module_citrus_console_globals
00168d78 0000000c R mp_module_citrus_console
00168d84 0000000c r mod_citrus_gfx_init_default_obj
00168d90 0000000c r mod_citrus_gfx_init_obj
00168d9c 0000000c r mod_citrus_gfx_exit_obj
00168da8 0000000c r mod_citrus_gfx_set_3d_obj
00168db4 0000000c r mod_citrus_gfx_is_3d_obj
00168dc0 0000000c r mod_citrus_gfx_set_screen_format_obj
00168dcc 0000000c r mod_citrus_gfx_get_screen_format_obj
00168dd8 0000000c r mod_citrus_gfx_set_double_buffering_obj
00168de4 0000000c r mod_citrus_gfx_flush_buffers_obj
00168df0 0000000c r mod_citrus_gfx_config_screen_obj
00168dfc 0000000c r mod_citrus_gfx_swap_buffers_obj
00168e08 0000000c r mod_citrus_gfx_swap_buffers_gpu_obj
00168e14 00000088 r mp_module_citrus_gfx_globals_table
00168e9c 00000010 r mp_module_citrus_gfx_globals
00168eac 0000000c R mp_module_citrus_gfx
00168eb8 0000000c r mod_citrus_hid_init_obj
00168ec4 0000000c r mod_citrus_hid_exit_obj
00168ed0 0000000c r mod_citrus_hid_scan_input_obj
00168edc 0000000c r mod_citrus_hid_keys_held_obj
00168ee8 0000000c r mod_citrus_hid_keys_down_obj
00168ef4 0000000c r mod_citrus_hid_keys_up_obj
00168f00 0000000c r mod_citrus_hid_touch_read_obj
00168f0c 0000000c r mod_citrus_hid_circle_read_obj
00168f18 0000000c r mod_citrus_hid_accel_read_obj
00168f24 0000000c r mod_citrus_hid_gyro_read_obj
00168f30 0000000c r mod_citrus_hid_wait_for_event_obj
00168f3c 0000000c r mod_citrus_hid_user_get_handles_obj
00168f48 0000000c r mod_citrus_hid_user_enable_accelerometer_obj
00168f54 0000000c r mod_citrus_hid_user_disable_accelerometer_obj
00168f60 0000000c r mod_citrus_hid_user_enable_gyroscope_obj
00168f6c 0000000c r mod_citrus_hid_user_disable_gyroscope_obj
00168f78 0000000c r mod_citrus_hid_user_get_gyroscope_raw_to_dps_coefficient_obj
00168f84 0000000c r mod_citrus_hid_user_get_sound_volume_obj
00168f90 000001a0 r mp_module_citrus_hid_globals_table
00169130 00000010 r mp_module_citrus_hid_globals
00169140 0000000c R mp_module_citrus_hid
0016914c 0000000c R mp_builtin_open_obj
00169200 00000068 r dotab_3dmoo
00169268 00000068 r dotab_stdout
001692d0 00000068 r dotab_null
00169338 00000030 r colorTable
00169368 00000014 r CSWTCH.21
0016937c 00000008 r framebufferInfoSt
00169384 0000000c r __apt_servicenames
00169390 R default_font_bin
00169b90 R default_font_bin_end
00169b90 R default_font_bin_size
00169b94 00000030 r error_table
00169bc4 00000068 R dotab_stdnull
00169c2c 00000003 R DIRECTORY_PARENT
00169c30 00000002 R DIRECTORY_THIS
00169c34 00000002 R DIRECTORY_SEPARATOR
00169e50 00000010 r atanlo
00169e60 00000010 r atanhi
00169ea8 00000008 r halF
00169eb0 00000008 r ln2LO
00169eb8 00000008 r ln2HI
00169ec0 00000008 r Zero
00169ec8 00000080 r npio2_hw
00169f48 00000318 r two_over_pi
0016a260 0000000c r init_jk
0016a26c 0000002c r PIo2
0016a298 00000010 r TWO52
0016a2e8 00000004 R _global_impure_ptr
0016a2f0 00000022 r basefix.7044
0016a31c 00000010 r blanks.7115
0016a35c 00000010 r zeroes.7116
0016a36c 00000010 r zeroes.7138
0016a38c r .LC2
0016a390 00000010 r blanks.7137
0016a3a0 00000101 R _ctype_
0016a4b4 000000bc r a1
0016a570 000000bc r a2
0016a62c 0000005b r a3
0016a688 00000070 r a6
0016a6f8 000000a2 r a7
0016a79c 00000040 r a8
0016a7f0 0000172a r b02cf
0016bf1c 00001a7c r d02f4
0016dab0 000000c8 R __mprec_tens
0016db78 0000000c r p05.5412
0016db88 00000028 R __mprec_bigtens
0016dbb0 00000014 r fpinan.5417
0016dbd4 00000014 r fpi.5381
0016dbe8 00000028 r tinytens
0016dc10 0000006c R __state_table
0016dc7c 00000100 R __chclass
0016dd7c 0000006c R __action_table
0016dde8 00000010 r blanks.7122
0016ddf8 00000010 r zeroes.7123
0016de08 00000100 R __hexdig
0016df10 r __EH_FRAME_BEGIN__
0016df10 R __exidx_end
0016df10 R __exidx_start
0016e000 00000004 d tok_enc
0016e004 00000088 d tok_kw
0016e08c 00000288 d rules
0016e314 00000298 d compile_function
0016e5ac 0000005c d doubling_primes
0016e608 0000000c d mp_dict_view_names
0016e614 0000004c D defaultConsole
0016e660 00000004 D currentConsole
0016e664 00000001 d firstConsoleInit.6519
0016e668 00000001 d topFormat
0016e669 00000001 d botFormat
0016e66c 00000008 d doubleBuf
0016e674 W __stacksize__
0016e678 00000401 d __cwd
0016ea80 00000018 d sdmcArchive
0016ea98 00000068 d sdmc_devoptab
0016eb00 00000004 d defaultDevice
0016eb04 00000040 D devoptab_list
0016eb44 00001000 d _current_working_directory
0016fb44 0000000c d __stdin_handle
0016fb50 0000000c d __stdout_handle
0016fb5c 0000000c d __stderr_handle
0016fb68 00000004 d __hndl_lock
0016fb6c 00001000 d handles
00170b6c 00000001 D __fdlib_version
00170b70 0000000c d __sfp_lock
00170b7c 0000000c d __sinit_lock
00170b88 00000440 d impure_data
00170fc8 00000004 D _impure_ptr
00170fcc 00000408 D __malloc_av_
001713d4 00000004 D __malloc_trim_threshold
001713d8 00000004 D __malloc_sbrk_base
001713dc 0000000c d __malloc_lock_object
001713e8 00000004 D __wctomb
001713ec 00000004 D __ctype_ptr__
001713f0 00000038 d lconv
00171428 00000020 d lc_ctype_charset
00171448 00000004 D __mb_cur_max
0017144c 00000004 D __mbtowc
00171450 t __frame_dummy_init_array_entry
00171450 T __init_array_start
00171450 d __JCR_LIST__
00171450 B __preinit_array_end
00171450 B __preinit_array_start
00171450 D __tdata_lma
00171450 D __tdata_lma_end
00171450 D __TMC_END__
00171450 d __TMC_LIST__
00171454 t __do_global_dtors_aux_fini_array_entry
00171454 T __fini_array_start
00171454 T __init_array_end
00171458 T __bss_start__
00171458 b completed.6505
00171458 T __fini_array_end
0017145c b object.6510
00171474 00000001 b enable3d
00171478 00000004 b screenFree
0017147c 00000002 b currentBuffer
00171480 00000004 b gspEvent
00171484 00000004 b gspEventData
00171488 00000004 b gspRefCount
0017148c 00000004 b __apt_servicestr
00171490 0000000c b aptFirstHook
0017149c 00000001 B aptStatus
001714a0 00000004 b aptRefCount
001714a4 00000002 b __apt_launchapplet_appID
001714a8 00000020 b __ns_capinfo
001714c8 00000001 B aptStatusBeforeSleep
001714cc 00000004 b __apt_launchapplet_parambuf
001714d0 00000004 b __apt_launchapplet_parambufsize
001714d4 00000004 b __apt_new3dsflag_initialized
001714d8 00000001 b __apt_new3dsflag
001714dc 00000004 b __apt_launchapplet_inhandle
001714e0 00000004 b hidRefCount
001714e4 00000004 b kOld
001714e8 00000004 b kHeld
001714ec 00000004 b cPos
001714f0 00000004 b tPos
001714f4 00000006 b aVec
001714fc 00000006 b gRate
00171504 00000004 b kDown
00171508 00000004 b kUp
0017150c b saved_stack
00171514 00000008 b sVramPool
0017151c 0000000c b sAddrMap
00171528 00000008 b sMappablePool
00171530 0000000c b sAddrMap
0017153c 00000008 b sLinearPool
00171544 0000000c b sAddrMap
00171550 00000004 b arbiter
00171554 00000001 V __ctru_speedup
00171558 00000004 b srvRefCount
0017155c 00000004 b srvHandle
00171560 00000004 b irrstRefCount
00171564 00000004 b kHeld
00171568 00000004 b csPos
0017156c 00000004 b ptmSysmRefCount
00171570 00000004 b ptmSysmHandle
00171574 00000001 b sdmcInitialised
00171578 00000004 b fsuRefCount
0017157c 00000004 b fsuHandle
00171580 00000004 b heap_start.5704
00171584 00000004 B fake_heap_start
00171588 00000004 B fake_heap_end
0017158c 00001000 b temp_cwd
0017258c 00000038 B __syscalls
001725c4 00000004 B __malloc_max_total_mem
001725c8 00000004 B __malloc_max_sbrked_mem
001725cc 00000004 B __malloc_top_pad
001725d0 00000028 B __malloc_current_mallinfo
001725f8 00000198 B mp_state_ctx
00172790 0000004c B currentCopy
001727dc 00000008 B gfxBottomFramebuffers
001727e4 00000004 B gspSharedMemHandle
001727e8 0000001c B bottomFramebufferInfo
00172804 00000004 B gspEvent
00172808 00000008 B gfxTopLeftFramebuffers
00172810 00000008 B gfxTopRightFramebuffers
00172818 0000001c B topFramebufferInfo
00172834 00000001 B gfxThreadID
00172838 00000004 B gfxSharedMemory
0017283c 00000004 B gxCmdBuf
00172840 00000007 B gspEventCbOneShot
00172848 0000001c B gspEventCb
00172864 00000004 B gspGpuHandle
00172868 00000004 B gspEventThread
0017286c 0000001c B gspEventCounts
00172888 0000001c B gspEvents
001728a4 00000001 B gspRunEvents
001728a8 0000001c B gspEventCbData
001728c4 00000004 B aptEventHandlerThread
001728c8 00000004 B aptSleepSync
001728cc 00001000 B aptParameters
001738cc 00000004 B aptuHandle
001738d0 0000000c B aptEvents
001738dc 00000004 B aptStatusEvent
001738e0 00000004 B aptStatusPower
001738e4 00000004 B aptStatusMutex
001738e8 00000004 B aptLockHandle
001738ec 00000002 B currentAppId
001738f0 00000004 B hidMemHandle
001738f4 00000004 B hidHandle
001738f8 00000004 B hidSharedMem
001738fc 00000014 B hidEvents
00173910 00000004 B __system_retAddr
00173914 00000004 B __ctru_heap_size
00173918 00000004 B __ctru_linear_heap
0017391c 00000004 B __ctru_heap
00173920 00000004 B __ctru_linear_heap_size
00173924 00000004 B __system_argv
00173928 00000004 B __system_argc
0017392c 00000004 B irrstHandle
00173930 00000004 B irrstEvent
00173934 00000004 B irrstMemHandle
00173938 00000004 B irrstSharedMem
0017393c B __tls_start
00176d48 B __bss_end__
00176d48 A __end__
00176d48 B __tls_end
